{"/home/travis/build/npmtest/node-npmtest-image-size/test.js":{"path":"/home/travis/build/npmtest/node-npmtest-image-size/test.js","s":{"1":2,"2":2,"3":2,"4":2,"5":2,"6":2,"7":2,"8":1,"9":2,"10":2,"11":1,"12":1,"13":1,"14":1,"15":2,"16":2,"17":2,"18":2,"19":1,"20":1,"21":2,"22":2,"23":2,"24":1,"25":1,"26":1,"27":1,"28":1,"29":1,"30":1,"31":1,"32":1,"33":1,"34":1,"35":1,"36":2,"37":2,"38":1,"39":2,"40":2,"41":1,"42":2,"43":2,"44":1,"45":1,"46":1,"47":1,"48":1},"b":{"1":[2,1,1,1],"2":[1,1,1,1],"3":[1,1],"4":[1,1],"5":[1,1],"6":[1,1],"7":[1,1],"8":[1,1],"9":[1,1,1],"10":[1,1],"11":[1,1],"12":[1,1],"13":[1,1],"14":[1,1],"15":[1,1]},"f":{"1":2,"2":2,"3":2,"4":2,"5":2,"6":1,"7":1,"8":2,"9":2,"10":2,"11":1},"fnMap":{"1":{"name":"(anonymous_1)","line":12,"loc":{"start":{"line":12,"column":1},"end":{"line":12,"column":13}}},"2":{"name":"(anonymous_2)","line":19,"loc":{"start":{"line":19,"column":5},"end":{"line":19,"column":17}}},"3":{"name":"(anonymous_3)","line":23,"loc":{"start":{"line":23,"column":24},"end":{"line":23,"column":36}}},"4":{"name":"(anonymous_4)","line":61,"loc":{"start":{"line":61,"column":5},"end":{"line":61,"column":17}}},"5":{"name":"(anonymous_5)","line":82,"loc":{"start":{"line":82,"column":5},"end":{"line":82,"column":17}}},"6":{"name":"(anonymous_6)","line":102,"loc":{"start":{"line":102,"column":83},"end":{"line":105,"column":10}},"skip":true},"7":{"name":"(anonymous_7)","line":113,"loc":{"start":{"line":113,"column":77},"end":{"line":116,"column":10}},"skip":true},"8":{"name":"(anonymous_8)","line":127,"loc":{"start":{"line":127,"column":77},"end":{"line":130,"column":10}},"skip":true},"9":{"name":"(anonymous_9)","line":138,"loc":{"start":{"line":138,"column":83},"end":{"line":141,"column":10}},"skip":true},"10":{"name":"(anonymous_10)","line":149,"loc":{"start":{"line":149,"column":79},"end":{"line":152,"column":10}},"skip":true},"11":{"name":"(anonymous_11)","line":160,"loc":{"start":{"line":160,"column":75},"end":{"line":163,"column":10}},"skip":true}},"statementMap":{"1":{"start":{"line":12,"column":0},"end":{"line":175,"column":5}},"2":{"start":{"line":14,"column":4},"end":{"line":14,"column":14}},"3":{"start":{"line":19,"column":4},"end":{"line":56,"column":9}},"4":{"start":{"line":21,"column":8},"end":{"line":21,"column":19}},"5":{"start":{"line":23,"column":8},"end":{"line":35,"column":13}},"6":{"start":{"line":24,"column":12},"end":{"line":34,"column":13}},"7":{"start":{"line":25,"column":16},"end":{"line":28,"column":30}},"8":{"start":{"line":30,"column":16},"end":{"line":33,"column":27}},"9":{"start":{"line":37,"column":8},"end":{"line":39,"column":21}},"10":{"start":{"line":40,"column":8},"end":{"line":53,"column":9}},"11":{"start":{"line":43,"column":12},"end":{"line":46,"column":14}},"12":{"start":{"line":47,"column":12},"end":{"line":47,"column":18}},"13":{"start":{"line":50,"column":12},"end":{"line":51,"column":46}},"14":{"start":{"line":52,"column":12},"end":{"line":52,"column":18}},"15":{"start":{"line":55,"column":8},"end":{"line":55,"column":35}},"16":{"start":{"line":61,"column":4},"end":{"line":63,"column":9}},"17":{"start":{"line":62,"column":8},"end":{"line":62,"column":15}},"18":{"start":{"line":64,"column":4},"end":{"line":77,"column":5}},"19":{"start":{"line":70,"column":8},"end":{"line":70,"column":14}},"20":{"start":{"line":76,"column":8},"end":{"line":76,"column":14}},"21":{"start":{"line":82,"column":4},"end":{"line":84,"column":9}},"22":{"start":{"line":83,"column":8},"end":{"line":83,"column":15}},"23":{"start":{"line":85,"column":4},"end":{"line":174,"column":5}},"24":{"start":{"line":92,"column":8},"end":{"line":94,"column":63}},"25":{"start":{"line":95,"column":8},"end":{"line":95,"column":14}},"26":{"start":{"line":102,"column":8},"end":{"line":111,"column":10},"skip":true},"27":{"start":{"line":109,"column":12},"end":{"line":109,"column":55},"skip":true},"28":{"start":{"line":110,"column":12},"end":{"line":110,"column":48},"skip":true},"29":{"start":{"line":113,"column":8},"end":{"line":125,"column":10},"skip":true},"30":{"start":{"line":120,"column":12},"end":{"line":120,"column":76},"skip":true},"31":{"start":{"line":121,"column":12},"end":{"line":121,"column":73},"skip":true},"32":{"start":{"line":122,"column":12},"end":{"line":122,"column":74},"skip":true},"33":{"start":{"line":123,"column":12},"end":{"line":123,"column":25},"skip":true},"34":{"start":{"line":124,"column":12},"end":{"line":124,"column":45},"skip":true},"35":{"start":{"line":127,"column":8},"end":{"line":136,"column":10},"skip":true},"36":{"start":{"line":134,"column":12},"end":{"line":134,"column":25},"skip":true},"37":{"start":{"line":135,"column":12},"end":{"line":135,"column":45},"skip":true},"38":{"start":{"line":138,"column":8},"end":{"line":147,"column":10},"skip":true},"39":{"start":{"line":145,"column":12},"end":{"line":145,"column":25},"skip":true},"40":{"start":{"line":146,"column":12},"end":{"line":146,"column":48},"skip":true},"41":{"start":{"line":149,"column":8},"end":{"line":158,"column":10},"skip":true},"42":{"start":{"line":156,"column":12},"end":{"line":156,"column":25},"skip":true},"43":{"start":{"line":157,"column":12},"end":{"line":157,"column":46},"skip":true},"44":{"start":{"line":160,"column":8},"end":{"line":169,"column":10},"skip":true},"45":{"start":{"line":167,"column":12},"end":{"line":167,"column":94},"skip":true},"46":{"start":{"line":168,"column":12},"end":{"line":168,"column":48},"skip":true},"47":{"start":{"line":172,"column":8},"end":{"line":172,"column":35},"skip":true},"48":{"start":{"line":173,"column":8},"end":{"line":173,"column":14},"skip":true}},"branchMap":{"1":{"line":25,"type":"binary-expr","locations":[{"start":{"line":25,"column":23},"end":{"line":25,"column":62}},{"start":{"line":26,"column":20},"end":{"line":26,"column":70}},{"start":{"line":27,"column":20},"end":{"line":27,"column":71}},{"start":{"line":28,"column":20},"end":{"line":28,"column":29}}]},"2":{"line":30,"type":"binary-expr","locations":[{"start":{"line":30,"column":23},"end":{"line":30,"column":37}},{"start":{"line":31,"column":20},"end":{"line":31,"column":61}},{"start":{"line":32,"column":20},"end":{"line":32,"column":70}},{"start":{"line":33,"column":20},"end":{"line":33,"column":26}}]},"3":{"line":37,"type":"cond-expr","locations":[{"start":{"line":38,"column":14},"end":{"line":38,"column":20}},{"start":{"line":39,"column":14},"end":{"line":39,"column":20}}]},"4":{"line":40,"type":"switch","locations":[{"start":{"line":42,"column":8},"end":{"line":47,"column":18}},{"start":{"line":49,"column":8},"end":{"line":52,"column":18}}]},"5":{"line":44,"type":"binary-expr","locations":[{"start":{"line":44,"column":16},"end":{"line":44,"column":44}},{"start":{"line":44,"column":48},"end":{"line":44,"column":66}}]},"6":{"line":50,"type":"binary-expr","locations":[{"start":{"line":50,"column":21},"end":{"line":50,"column":49}},{"start":{"line":50,"column":53},"end":{"line":50,"column":72}}]},"7":{"line":64,"type":"switch","locations":[{"start":{"line":69,"column":4},"end":{"line":70,"column":14}},{"start":{"line":75,"column":4},"end":{"line":76,"column":14}}]},"8":{"line":85,"type":"switch","locations":[{"start":{"line":90,"column":4},"end":{"line":95,"column":14}},{"start":{"line":101,"column":4},"end":{"line":173,"column":14},"skip":true}]},"9":{"line":92,"type":"binary-expr","locations":[{"start":{"line":92,"column":18},"end":{"line":92,"column":32}},{"start":{"line":93,"column":12},"end":{"line":93,"column":53}},{"start":{"line":94,"column":12},"end":{"line":94,"column":61}}]},"10":{"line":102,"type":"binary-expr","locations":[{"start":{"line":102,"column":45},"end":{"line":102,"column":79},"skip":true},{"start":{"line":102,"column":83},"end":{"line":111,"column":9},"skip":true}]},"11":{"line":113,"type":"binary-expr","locations":[{"start":{"line":113,"column":42},"end":{"line":113,"column":73},"skip":true},{"start":{"line":113,"column":77},"end":{"line":125,"column":9},"skip":true}]},"12":{"line":127,"type":"binary-expr","locations":[{"start":{"line":127,"column":42},"end":{"line":127,"column":73},"skip":true},{"start":{"line":127,"column":77},"end":{"line":136,"column":9},"skip":true}]},"13":{"line":138,"type":"binary-expr","locations":[{"start":{"line":138,"column":45},"end":{"line":138,"column":79},"skip":true},{"start":{"line":138,"column":83},"end":{"line":147,"column":9},"skip":true}]},"14":{"line":149,"type":"binary-expr","locations":[{"start":{"line":149,"column":43},"end":{"line":149,"column":75},"skip":true},{"start":{"line":149,"column":79},"end":{"line":158,"column":9},"skip":true}]},"15":{"line":160,"type":"binary-expr","locations":[{"start":{"line":160,"column":41},"end":{"line":160,"column":71},"skip":true},{"start":{"line":160,"column":75},"end":{"line":169,"column":9},"skip":true}]}},"code":["/* istanbul instrument in package npmtest_image_size */","/*jslint","    bitwise: true,","    browser: true,","    maxerr: 8,","    maxlen: 96,","    node: true,","    nomen: true,","    regexp: true,","    stupid: true","*/","(function () {","    'use strict';","    var local;","","","","    // run shared js-env code - pre-init","    (function () {","        // init local","        local = {};","        // init modeJs","        local.modeJs = (function () {","            try {","                return typeof navigator.userAgent === 'string' &&","                    typeof document.querySelector('body') === 'object' &&","                    typeof XMLHttpRequest.prototype.open === 'function' &&","                    'browser';","            } catch (errorCaughtBrowser) {","                return module.exports &&","                    typeof process.versions.node === 'string' &&","                    typeof require('http').createServer === 'function' &&","                    'node';","            }","        }());","        // init global","        local.global = local.modeJs === 'browser'","            ? window","            : global;","        switch (local.modeJs) {","        // re-init local from window.local","        case 'browser':","            local = local.global.utility2.objectSetDefault(","                local.global.utility2_rollup || local.global.local,","                local.global.utility2","            );","            break;","        // re-init local from example.js","        case 'node':","            local = (local.global.utility2_rollup || require('utility2'))","                .requireExampleJsFromReadme();","            break;","        }","        // export local","        local.global.local = local;","    }());","","","","    // run shared js-env code - function","    (function () {","        return;","    }());","    switch (local.modeJs) {","","","","    // run browser js-env code - function","    case 'browser':","        break;","","","","    // run node js-env code - function","    case 'node':","        break;","    }","","","","    // run shared js-env code - post-init","    (function () {","        return;","    }());","    switch (local.modeJs) {","","","","    // run browser js-env code - post-init","    case 'browser':","        // run tests","        local.nop(local.modeTest &&","            document.querySelector('#testRunButton1') &&","            document.querySelector('#testRunButton1').click());","        break;","","","","    // run node js-env code - post-init","    /* istanbul ignore next */","    case 'node':","        local.testCase_buildApidoc_default = local.testCase_buildApidoc_default || function (","            options,","            onError","        ) {","        /*","         * this function will test buildApidoc's default handling-behavior-behavior","         */","            options = { modulePathList: module.paths };","            local.buildApidoc(options, onError);","        };","","        local.testCase_buildApp_default = local.testCase_buildApp_default || function (","            options,","            onError","        ) {","        /*","         * this function will test buildApp's default handling-behavior-behavior","         */","            local.testCase_buildReadme_default(options, local.onErrorThrow);","            local.testCase_buildLib_default(options, local.onErrorThrow);","            local.testCase_buildTest_default(options, local.onErrorThrow);","            options = [];","            local.buildApp(options, onError);","        };","","        local.testCase_buildLib_default = local.testCase_buildLib_default || function (","            options,","            onError","        ) {","        /*","         * this function will test buildLib's default handling-behavior","         */","            options = {};","            local.buildLib(options, onError);","        };","","        local.testCase_buildReadme_default = local.testCase_buildReadme_default || function (","            options,","            onError","        ) {","        /*","         * this function will test buildReadme's default handling-behavior-behavior","         */","            options = {};","            local.buildReadme(options, onError);","        };","","        local.testCase_buildTest_default = local.testCase_buildTest_default || function (","            options,","            onError","        ) {","        /*","         * this function will test buildTest's default handling-behavior","         */","            options = {};","            local.buildTest(options, onError);","        };","","        local.testCase_webpage_default = local.testCase_webpage_default || function (","            options,","            onError","        ) {","        /*","         * this function will test webpage's default handling-behavior","         */","            options = { modeCoverageMerge: true, url: local.serverLocalHost + '?modeTest=1' };","            local.browserTest(options, onError);","        };","","        // run test-server","        local.testRunServer(local);","        break;","    }","}());",""],"l":{"12":2,"14":2,"19":2,"21":2,"23":2,"24":2,"25":2,"30":1,"37":2,"40":2,"43":1,"47":1,"50":1,"52":1,"55":2,"61":2,"62":2,"64":2,"70":1,"76":1,"82":2,"83":2,"85":2,"92":1,"95":1,"102":1,"109":1,"110":1,"113":1,"120":1,"121":1,"122":1,"123":1,"124":1,"127":1,"134":2,"135":2,"138":1,"145":2,"146":2,"149":1,"156":2,"157":2,"160":1,"167":1,"168":1,"172":1,"173":1}},"/home/travis/build/npmtest/node-npmtest-image-size/lib.npmtest_image_size.js":{"path":"/home/travis/build/npmtest/node-npmtest-image-size/lib.npmtest_image_size.js","s":{"1":2,"2":2,"3":2,"4":2,"5":2,"6":2,"7":2,"8":1,"9":2,"10":2,"11":2,"12":2,"13":1,"14":1,"15":1,"16":1},"b":{"1":[2,1,1,1],"2":[1,1,1,1],"3":[1,1],"4":[2,2],"5":[1,1]},"f":{"1":2,"2":2,"3":2},"fnMap":{"1":{"name":"(anonymous_1)","line":12,"loc":{"start":{"line":12,"column":1},"end":{"line":12,"column":13}}},"2":{"name":"(anonymous_2)","line":19,"loc":{"start":{"line":19,"column":5},"end":{"line":19,"column":17}}},"3":{"name":"(anonymous_3)","line":23,"loc":{"start":{"line":23,"column":24},"end":{"line":23,"column":36}}}},"statementMap":{"1":{"start":{"line":12,"column":0},"end":{"line":53,"column":5}},"2":{"start":{"line":14,"column":4},"end":{"line":14,"column":14}},"3":{"start":{"line":19,"column":4},"end":{"line":52,"column":9}},"4":{"start":{"line":21,"column":8},"end":{"line":21,"column":19}},"5":{"start":{"line":23,"column":8},"end":{"line":35,"column":13}},"6":{"start":{"line":24,"column":12},"end":{"line":34,"column":13}},"7":{"start":{"line":25,"column":16},"end":{"line":28,"column":30}},"8":{"start":{"line":30,"column":16},"end":{"line":33,"column":27}},"9":{"start":{"line":37,"column":8},"end":{"line":39,"column":21}},"10":{"start":{"line":41,"column":8},"end":{"line":41,"column":54}},"11":{"start":{"line":43,"column":8},"end":{"line":43,"column":55}},"12":{"start":{"line":45,"column":8},"end":{"line":51,"column":9}},"13":{"start":{"line":46,"column":12},"end":{"line":46,"column":61}},"14":{"start":{"line":48,"column":12},"end":{"line":48,"column":35}},"15":{"start":{"line":49,"column":12},"end":{"line":49,"column":49}},"16":{"start":{"line":50,"column":12},"end":{"line":50,"column":43}}},"branchMap":{"1":{"line":25,"type":"binary-expr","locations":[{"start":{"line":25,"column":23},"end":{"line":25,"column":62}},{"start":{"line":26,"column":20},"end":{"line":26,"column":70}},{"start":{"line":27,"column":20},"end":{"line":27,"column":71}},{"start":{"line":28,"column":20},"end":{"line":28,"column":29}}]},"2":{"line":30,"type":"binary-expr","locations":[{"start":{"line":30,"column":23},"end":{"line":30,"column":37}},{"start":{"line":31,"column":20},"end":{"line":31,"column":61}},{"start":{"line":32,"column":20},"end":{"line":32,"column":70}},{"start":{"line":33,"column":20},"end":{"line":33,"column":26}}]},"3":{"line":37,"type":"cond-expr","locations":[{"start":{"line":38,"column":14},"end":{"line":38,"column":20}},{"start":{"line":39,"column":14},"end":{"line":39,"column":20}}]},"4":{"line":41,"type":"binary-expr","locations":[{"start":{"line":41,"column":16},"end":{"line":41,"column":44}},{"start":{"line":41,"column":48},"end":{"line":41,"column":53}}]},"5":{"line":45,"type":"if","locations":[{"start":{"line":45,"column":8},"end":{"line":45,"column":8}},{"start":{"line":45,"column":8},"end":{"line":45,"column":8}}]}},"code":["/* istanbul instrument in package npmtest_image_size */","/*jslint","    bitwise: true,","    browser: true,","    maxerr: 8,","    maxlen: 96,","    node: true,","    nomen: true,","    regexp: true,","    stupid: true","*/","(function () {","    'use strict';","    var local;","","","","    // run shared js-env code - pre-init","    (function () {","        // init local","        local = {};","        // init modeJs","        local.modeJs = (function () {","            try {","                return typeof navigator.userAgent === 'string' &&","                    typeof document.querySelector('body') === 'object' &&","                    typeof XMLHttpRequest.prototype.open === 'function' &&","                    'browser';","            } catch (errorCaughtBrowser) {","                return module.exports &&","                    typeof process.versions.node === 'string' &&","                    typeof require('http').createServer === 'function' &&","                    'node';","            }","        }());","        // init global","        local.global = local.modeJs === 'browser'","            ? window","            : global;","        // init utility2_rollup","        local = local.global.utility2_rollup || local;","        // init lib","        local.local = local.npmtest_image_size = local;","        // init exports","        if (local.modeJs === 'browser') {","            local.global.utility2_npmtest_image_size = local;","        } else {","            module.exports = local;","            module.exports.__dirname = __dirname;","            module.exports.module = module;","        }","    }());","}());",""],"l":{"12":2,"14":2,"19":2,"21":2,"23":2,"24":2,"25":2,"30":1,"37":2,"41":2,"43":2,"45":2,"46":1,"48":1,"49":1,"50":1}},"/home/travis/build/npmtest/node-npmtest-image-size/example.js":{"path":"/home/travis/build/npmtest/node-npmtest-image-size/example.js","s":{"1":2,"2":2,"3":2,"4":2,"5":2,"6":2,"7":2,"8":1,"9":2,"10":2,"11":2,"12":2,"13":1,"14":2,"15":2,"16":2,"17":2,"18":2,"19":0,"20":2,"21":1,"22":1,"23":1,"24":1,"25":1,"26":0,"27":0,"28":1,"29":1,"30":2,"31":0,"32":0,"33":0,"34":1,"35":2,"36":2,"37":2,"38":2,"39":2,"40":2,"41":0,"42":2,"43":2,"44":2,"45":1,"46":3,"47":1,"48":1,"49":1,"50":1,"51":1,"52":1,"53":1,"54":1,"55":1,"56":1,"57":0,"58":1,"59":6,"60":6,"61":1,"62":2,"63":0,"64":2,"65":1,"66":1,"67":0,"68":0,"69":0,"70":0,"71":0,"72":0,"73":0,"74":0,"75":0,"76":0,"77":0,"78":0,"79":0,"80":0,"81":0,"82":0,"83":0},"b":{"1":[2,1,1,1],"2":[1,1,1,1],"3":[1,1],"4":[2,2],"5":[1,1],"6":[1,1],"7":[2,0],"8":[2,1,1,1,1,1],"9":[0,2,0],"10":[1,1],"11":[2,1,1],"12":[1,0],"13":[0,2],"14":[2,0,0,0,0,0,0],"15":[0,2],"16":[2,0],"17":[1,1],"18":[0,1],"19":[1,2,0,2],"20":[1,0],"21":[1,1],"22":[0,0],"23":[0,0],"24":[0,0],"25":[0,0],"26":[0,0],"27":[0,0],"28":[0,0]},"f":{"1":2,"2":2,"3":2,"4":2,"5":2,"6":2,"7":2,"8":2,"9":3,"10":1,"11":6,"12":0},"fnMap":{"1":{"name":"(anonymous_1)","line":26,"loc":{"start":{"line":26,"column":1},"end":{"line":26,"column":13}}},"2":{"name":"(anonymous_2)","line":33,"loc":{"start":{"line":33,"column":5},"end":{"line":33,"column":17}}},"3":{"name":"(anonymous_3)","line":37,"loc":{"start":{"line":37,"column":24},"end":{"line":37,"column":36}}},"4":{"name":"(anonymous_4)","line":69,"loc":{"start":{"line":69,"column":31},"end":{"line":69,"column":48}},"skip":true},"5":{"name":"(anonymous_5)","line":78,"loc":{"start":{"line":78,"column":26},"end":{"line":78,"column":45}},"skip":true},"6":{"name":"(anonymous_6)","line":123,"loc":{"start":{"line":123,"column":33},"end":{"line":123,"column":48}},"skip":true},"7":{"name":"(anonymous_7)","line":125,"loc":{"start":{"line":125,"column":27},"end":{"line":125,"column":39}},"skip":true},"8":{"name":"(anonymous_8)","line":133,"loc":{"start":{"line":133,"column":59},"end":{"line":133,"column":74}},"skip":true},"9":{"name":"(anonymous_9)","line":143,"loc":{"start":{"line":143,"column":45},"end":{"line":143,"column":62}},"skip":true},"10":{"name":"(anonymous_10)","line":144,"loc":{"start":{"line":144,"column":73},"end":{"line":144,"column":92}},"skip":true},"11":{"name":"(anonymous_11)","line":272,"loc":{"start":{"line":272,"column":51},"end":{"line":272,"column":77}},"skip":true},"12":{"name":"(anonymous_12)","line":314,"loc":{"start":{"line":314,"column":32},"end":{"line":314,"column":61}},"skip":true}},"statementMap":{"1":{"start":{"line":26,"column":0},"end":{"line":325,"column":5}},"2":{"start":{"line":28,"column":4},"end":{"line":28,"column":14}},"3":{"start":{"line":33,"column":4},"end":{"line":60,"column":9}},"4":{"start":{"line":35,"column":8},"end":{"line":35,"column":19}},"5":{"start":{"line":37,"column":8},"end":{"line":49,"column":13}},"6":{"start":{"line":38,"column":12},"end":{"line":48,"column":13}},"7":{"start":{"line":39,"column":16},"end":{"line":42,"column":30}},"8":{"start":{"line":44,"column":16},"end":{"line":47,"column":27}},"9":{"start":{"line":51,"column":8},"end":{"line":53,"column":21}},"10":{"start":{"line":55,"column":8},"end":{"line":57,"column":45}},"11":{"start":{"line":59,"column":8},"end":{"line":59,"column":35}},"12":{"start":{"line":61,"column":4},"end":{"line":324,"column":5}},"13":{"start":{"line":69,"column":8},"end":{"line":121,"column":10},"skip":true},"14":{"start":{"line":70,"column":12},"end":{"line":88,"column":13},"skip":true},"15":{"start":{"line":76,"column":16},"end":{"line":87,"column":19},"skip":true},"16":{"start":{"line":79,"column":20},"end":{"line":86,"column":21},"skip":true},"17":{"start":{"line":82,"column":24},"end":{"line":82,"column":43},"skip":true},"18":{"start":{"line":83,"column":24},"end":{"line":83,"column":30},"skip":true},"19":{"start":{"line":85,"column":24},"end":{"line":85,"column":49},"skip":true},"20":{"start":{"line":89,"column":12},"end":{"line":107,"column":13},"skip":true},"21":{"start":{"line":92,"column":16},"end":{"line":102,"column":17},"skip":true},"22":{"start":{"line":93,"column":20},"end":{"line":93,"column":86},"skip":true},"23":{"start":{"line":94,"column":20},"end":{"line":95,"column":45},"skip":true},"24":{"start":{"line":96,"column":20},"end":{"line":96,"column":42},"skip":true},"25":{"start":{"line":97,"column":20},"end":{"line":97,"column":48},"skip":true},"26":{"start":{"line":100,"column":20},"end":{"line":100,"column":85},"skip":true},"27":{"start":{"line":101,"column":20},"end":{"line":101,"column":96},"skip":true},"28":{"start":{"line":103,"column":16},"end":{"line":103,"column":22},"skip":true},"29":{"start":{"line":106,"column":16},"end":{"line":106,"column":22},"skip":true},"30":{"start":{"line":108,"column":12},"end":{"line":120,"column":13},"skip":true},"31":{"start":{"line":114,"column":16},"end":{"line":119,"column":17},"skip":true},"32":{"start":{"line":116,"column":20},"end":{"line":116,"column":78},"skip":true},"33":{"start":{"line":118,"column":20},"end":{"line":118,"column":53},"skip":true},"34":{"start":{"line":123,"column":8},"end":{"line":141,"column":11},"skip":true},"35":{"start":{"line":124,"column":12},"end":{"line":124,"column":54},"skip":true},"36":{"start":{"line":125,"column":12},"end":{"line":140,"column":14},"skip":true},"37":{"start":{"line":126,"column":16},"end":{"line":126,"column":28},"skip":true},"38":{"start":{"line":127,"column":16},"end":{"line":127,"column":69},"skip":true},"39":{"start":{"line":128,"column":16},"end":{"line":128,"column":75},"skip":true},"40":{"start":{"line":129,"column":16},"end":{"line":131,"column":17},"skip":true},"41":{"start":{"line":130,"column":20},"end":{"line":130,"column":27},"skip":true},"42":{"start":{"line":133,"column":16},"end":{"line":137,"column":36},"skip":true},"43":{"start":{"line":134,"column":20},"end":{"line":136,"column":55},"skip":true},"44":{"start":{"line":139,"column":16},"end":{"line":139,"column":57},"skip":true},"45":{"start":{"line":143,"column":8},"end":{"line":147,"column":11},"skip":true},"46":{"start":{"line":144,"column":12},"end":{"line":146,"column":15},"skip":true},"47":{"start":{"line":145,"column":16},"end":{"line":145,"column":70},"skip":true},"48":{"start":{"line":149,"column":8},"end":{"line":149,"column":31},"skip":true},"49":{"start":{"line":150,"column":8},"end":{"line":150,"column":14},"skip":true},"50":{"start":{"line":158,"column":8},"end":{"line":158,"column":31},"skip":true},"51":{"start":{"line":160,"column":8},"end":{"line":160,"column":33},"skip":true},"52":{"start":{"line":161,"column":8},"end":{"line":161,"column":37},"skip":true},"53":{"start":{"line":162,"column":8},"end":{"line":162,"column":35},"skip":true},"54":{"start":{"line":164,"column":8},"end":{"line":164,"column":50},"skip":true},"55":{"start":{"line":166,"column":8},"end":{"line":256,"column":2},"skip":true},"56":{"start":{"line":258,"column":8},"end":{"line":286,"column":9},"skip":true},"57":{"start":{"line":259,"column":12},"end":{"line":269,"column":14},"skip":true},"58":{"start":{"line":271,"column":12},"end":{"line":285,"column":19},"skip":true},"59":{"start":{"line":274,"column":20},"end":{"line":274,"column":35},"skip":true},"60":{"start":{"line":275,"column":20},"end":{"line":284,"column":21},"skip":true},"61":{"start":{"line":277,"column":24},"end":{"line":277,"column":64},"skip":true},"62":{"start":{"line":279,"column":24},"end":{"line":279,"column":40},"skip":true},"63":{"start":{"line":281,"column":24},"end":{"line":281,"column":40},"skip":true},"64":{"start":{"line":283,"column":24},"end":{"line":283,"column":39},"skip":true},"65":{"start":{"line":288,"column":8},"end":{"line":290,"column":9},"skip":true},"66":{"start":{"line":289,"column":12},"end":{"line":289,"column":18},"skip":true},"67":{"start":{"line":291,"column":8},"end":{"line":293,"column":54},"skip":true},"68":{"start":{"line":294,"column":8},"end":{"line":301,"column":37},"skip":true},"69":{"start":{"line":302,"column":8},"end":{"line":302,"column":82},"skip":true},"70":{"start":{"line":305,"column":8},"end":{"line":307,"column":9},"skip":true},"71":{"start":{"line":306,"column":12},"end":{"line":306,"column":82},"skip":true},"72":{"start":{"line":309,"column":8},"end":{"line":311,"column":9},"skip":true},"73":{"start":{"line":310,"column":12},"end":{"line":310,"column":18},"skip":true},"74":{"start":{"line":312,"column":8},"end":{"line":312,"column":54},"skip":true},"75":{"start":{"line":313,"column":8},"end":{"line":313,"column":69},"skip":true},"76":{"start":{"line":314,"column":8},"end":{"line":322,"column":36},"skip":true},"77":{"start":{"line":315,"column":12},"end":{"line":315,"column":61},"skip":true},"78":{"start":{"line":316,"column":12},"end":{"line":319,"column":13},"skip":true},"79":{"start":{"line":317,"column":16},"end":{"line":317,"column":75},"skip":true},"80":{"start":{"line":318,"column":16},"end":{"line":318,"column":23},"skip":true},"81":{"start":{"line":320,"column":12},"end":{"line":320,"column":38},"skip":true},"82":{"start":{"line":321,"column":12},"end":{"line":321,"column":27},"skip":true},"83":{"start":{"line":323,"column":8},"end":{"line":323,"column":14},"skip":true}},"branchMap":{"1":{"line":39,"type":"binary-expr","locations":[{"start":{"line":39,"column":23},"end":{"line":39,"column":62}},{"start":{"line":40,"column":20},"end":{"line":40,"column":70}},{"start":{"line":41,"column":20},"end":{"line":41,"column":71}},{"start":{"line":42,"column":20},"end":{"line":42,"column":29}}]},"2":{"line":44,"type":"binary-expr","locations":[{"start":{"line":44,"column":23},"end":{"line":44,"column":37}},{"start":{"line":45,"column":20},"end":{"line":45,"column":61}},{"start":{"line":46,"column":20},"end":{"line":46,"column":70}},{"start":{"line":47,"column":20},"end":{"line":47,"column":26}}]},"3":{"line":51,"type":"cond-expr","locations":[{"start":{"line":52,"column":14},"end":{"line":52,"column":20}},{"start":{"line":53,"column":14},"end":{"line":53,"column":20}}]},"4":{"line":55,"type":"binary-expr","locations":[{"start":{"line":55,"column":16},"end":{"line":55,"column":44}},{"start":{"line":55,"column":49},"end":{"line":57,"column":43}}]},"5":{"line":55,"type":"cond-expr","locations":[{"start":{"line":56,"column":14},"end":{"line":56,"column":54}},{"start":{"line":57,"column":14},"end":{"line":57,"column":43}}]},"6":{"line":61,"type":"switch","locations":[{"start":{"line":68,"column":4},"end":{"line":150,"column":14},"skip":true},{"start":{"line":156,"column":4},"end":{"line":323,"column":14},"skip":true}]},"7":{"line":70,"type":"if","locations":[{"start":{"line":70,"column":12},"end":{"line":70,"column":12},"skip":true},{"start":{"line":70,"column":12},"end":{"line":70,"column":12},"skip":true}]},"8":{"line":70,"type":"binary-expr","locations":[{"start":{"line":70,"column":16},"end":{"line":70,"column":22},"skip":true},{"start":{"line":70,"column":27},"end":{"line":70,"column":32},"skip":true},{"start":{"line":71,"column":20},"end":{"line":71,"column":39},"skip":true},{"start":{"line":72,"column":20},"end":{"line":72,"column":49},"skip":true},{"start":{"line":73,"column":20},"end":{"line":73,"column":58},"skip":true},{"start":{"line":74,"column":20},"end":{"line":74,"column":69},"skip":true}]},"9":{"line":79,"type":"switch","locations":[{"start":{"line":80,"column":20},"end":{"line":80,"column":33},"skip":true},{"start":{"line":81,"column":20},"end":{"line":83,"column":30},"skip":true},{"start":{"line":84,"column":20},"end":{"line":85,"column":49},"skip":true}]},"10":{"line":89,"type":"switch","locations":[{"start":{"line":90,"column":12},"end":{"line":103,"column":22},"skip":true},{"start":{"line":105,"column":12},"end":{"line":106,"column":22},"skip":true}]},"11":{"line":89,"type":"binary-expr","locations":[{"start":{"line":89,"column":20},"end":{"line":89,"column":25},"skip":true},{"start":{"line":89,"column":29},"end":{"line":89,"column":48},"skip":true},{"start":{"line":89,"column":52},"end":{"line":89,"column":74},"skip":true}]},"12":{"line":92,"type":"if","locations":[{"start":{"line":92,"column":16},"end":{"line":92,"column":16},"skip":true},{"start":{"line":92,"column":16},"end":{"line":92,"column":16},"skip":true}]},"13":{"line":108,"type":"if","locations":[{"start":{"line":108,"column":12},"end":{"line":108,"column":12},"skip":true},{"start":{"line":108,"column":12},"end":{"line":108,"column":12},"skip":true}]},"14":{"line":108,"type":"binary-expr","locations":[{"start":{"line":108,"column":16},"end":{"line":108,"column":61},"skip":true},{"start":{"line":108,"column":66},"end":{"line":108,"column":72},"skip":true},{"start":{"line":108,"column":77},"end":{"line":108,"column":82},"skip":true},{"start":{"line":109,"column":20},"end":{"line":109,"column":39},"skip":true},{"start":{"line":110,"column":20},"end":{"line":110,"column":49},"skip":true},{"start":{"line":111,"column":20},"end":{"line":111,"column":58},"skip":true},{"start":{"line":112,"column":20},"end":{"line":112,"column":68},"skip":true}]},"15":{"line":129,"type":"if","locations":[{"start":{"line":129,"column":16},"end":{"line":129,"column":16},"skip":true},{"start":{"line":129,"column":16},"end":{"line":129,"column":16},"skip":true}]},"16":{"line":134,"type":"cond-expr","locations":[{"start":{"line":135,"column":26},"end":{"line":135,"column":29},"skip":true},{"start":{"line":136,"column":26},"end":{"line":136,"column":54},"skip":true}]},"17":{"line":164,"type":"binary-expr","locations":[{"start":{"line":164,"column":27},"end":{"line":164,"column":43},"skip":true},{"start":{"line":164,"column":47},"end":{"line":164,"column":49},"skip":true}]},"18":{"line":258,"type":"if","locations":[{"start":{"line":258,"column":8},"end":{"line":258,"column":8},"skip":true},{"start":{"line":258,"column":8},"end":{"line":258,"column":8},"skip":true}]},"19":{"line":275,"type":"switch","locations":[{"start":{"line":276,"column":20},"end":{"line":277,"column":64},"skip":true},{"start":{"line":278,"column":20},"end":{"line":279,"column":40},"skip":true},{"start":{"line":280,"column":20},"end":{"line":281,"column":40},"skip":true},{"start":{"line":282,"column":20},"end":{"line":283,"column":39},"skip":true}]},"20":{"line":288,"type":"if","locations":[{"start":{"line":288,"column":8},"end":{"line":288,"column":8},"skip":true},{"start":{"line":288,"column":8},"end":{"line":288,"column":8},"skip":true}]},"21":{"line":288,"type":"binary-expr","locations":[{"start":{"line":288,"column":12},"end":{"line":288,"column":40},"skip":true},{"start":{"line":288,"column":44},"end":{"line":288,"column":67},"skip":true}]},"22":{"line":292,"type":"binary-expr","locations":[{"start":{"line":292,"column":12},"end":{"line":292,"column":50},"skip":true},{"start":{"line":293,"column":12},"end":{"line":293,"column":53},"skip":true}]},"23":{"line":295,"type":"binary-expr","locations":[{"start":{"line":295,"column":12},"end":{"line":295,"column":68},"skip":true},{"start":{"line":296,"column":12},"end":{"line":301,"column":36},"skip":true}]},"24":{"line":302,"type":"binary-expr","locations":[{"start":{"line":302,"column":43},"end":{"line":302,"column":75},"skip":true},{"start":{"line":302,"column":79},"end":{"line":302,"column":81},"skip":true}]},"25":{"line":305,"type":"if","locations":[{"start":{"line":305,"column":8},"end":{"line":305,"column":8},"skip":true},{"start":{"line":305,"column":8},"end":{"line":305,"column":8},"skip":true}]},"26":{"line":309,"type":"if","locations":[{"start":{"line":309,"column":8},"end":{"line":309,"column":8},"skip":true},{"start":{"line":309,"column":8},"end":{"line":309,"column":8},"skip":true}]},"27":{"line":312,"type":"binary-expr","locations":[{"start":{"line":312,"column":27},"end":{"line":312,"column":43},"skip":true},{"start":{"line":312,"column":47},"end":{"line":312,"column":53},"skip":true}]},"28":{"line":316,"type":"if","locations":[{"start":{"line":316,"column":12},"end":{"line":316,"column":12},"skip":true},{"start":{"line":316,"column":12},"end":{"line":316,"column":12},"skip":true}]}},"code":["/*","example.js","","quickstart example","","instruction","    1. save this script as example.js","    2. run the shell command:","        $ npm install npmtest-image-size && PORT=8081 node example.js","    3. play with the browser-demo on http://127.0.0.1:8081","*/","","","","/* istanbul instrument in package npmtest_image_size */","/*jslint","    bitwise: true,","    browser: true,","    maxerr: 8,","    maxlen: 96,","    node: true,","    nomen: true,","    regexp: true,","    stupid: true","*/","(function () {","    'use strict';","    var local;","","","","    // run shared js-env code - pre-init","    (function () {","        // init local","        local = {};","        // init modeJs","        local.modeJs = (function () {","            try {","                return typeof navigator.userAgent === 'string' &&","                    typeof document.querySelector('body') === 'object' &&","                    typeof XMLHttpRequest.prototype.open === 'function' &&","                    'browser';","            } catch (errorCaughtBrowser) {","                return module.exports &&","                    typeof process.versions.node === 'string' &&","                    typeof require('http').createServer === 'function' &&","                    'node';","            }","        }());","        // init global","        local.global = local.modeJs === 'browser'","            ? window","            : global;","        // init utility2_rollup","        local = local.global.utility2_rollup || (local.modeJs === 'browser'","            ? local.global.utility2_npmtest_image_size","            : global.utility2_moduleExports);","        // export local","        local.global.local = local;","    }());","    switch (local.modeJs) {","","","","    // post-init","    // run browser js-env code - post-init","    /* istanbul ignore next */","    case 'browser':","        local.testRunBrowser = function (event) {","            if (!event || (event &&","                    event.currentTarget &&","                    event.currentTarget.className &&","                    event.currentTarget.className.includes &&","                    event.currentTarget.className.includes('onreset'))) {","                // reset output","                Array.from(","                    document.querySelectorAll('body > .resettable')","                ).forEach(function (element) {","                    switch (element.tagName) {","                    case 'INPUT':","                    case 'TEXTAREA':","                        element.value = '';","                        break;","                    default:","                        element.textContent = '';","                    }","                });","            }","            switch (event && event.currentTarget && event.currentTarget.id) {","            case 'testRunButton1':","                // show tests","                if (document.querySelector('#testReportDiv1').style.display === 'none') {","                    document.querySelector('#testReportDiv1').style.display = 'block';","                    document.querySelector('#testRunButton1').textContent =","                        'hide internal test';","                    local.modeTest = true;","                    local.testRunDefault(local);","                // hide tests","                } else {","                    document.querySelector('#testReportDiv1').style.display = 'none';","                    document.querySelector('#testRunButton1').textContent = 'run internal test';","                }","                break;","            // custom-case","            default:","                break;","            }","            if (document.querySelector('#inputTextareaEval1') && (!event || (event &&","                    event.currentTarget &&","                    event.currentTarget.className &&","                    event.currentTarget.className.includes &&","                    event.currentTarget.className.includes('oneval')))) {","                // try to eval input-code","                try {","                    /*jslint evil: true*/","                    eval(document.querySelector('#inputTextareaEval1').value);","                } catch (errorCaught) {","                    console.error(errorCaught.stack);","                }","            }","        };","        // log stderr and stdout to #outputTextareaStdout1","        ['error', 'log'].forEach(function (key) {","            console[key + '_original'] = console[key];","            console[key] = function () {","                var element;","                console[key + '_original'].apply(console, arguments);","                element = document.querySelector('#outputTextareaStdout1');","                if (!element) {","                    return;","                }","                // append text to #outputTextareaStdout1","                element.value += Array.from(arguments).map(function (arg) {","                    return typeof arg === 'string'","                        ? arg","                        : JSON.stringify(arg, null, 4);","                }).join(' ') + '\\n';","                // scroll textarea to bottom","                element.scrollTop = element.scrollHeight;","            };","        });","        // init event-handling","        ['change', 'click', 'keyup'].forEach(function (event) {","            Array.from(document.querySelectorAll('.on' + event)).forEach(function (element) {","                element.addEventListener(event, local.testRunBrowser);","            });","        });","        // run tests","        local.testRunBrowser();","        break;","","","","    // run node js-env code - post-init","    /* istanbul ignore next */","    case 'node':","        // export local","        module.exports = local;","        // require modules","        local.fs = require('fs');","        local.http = require('http');","        local.url = require('url');","        // init assets","        local.assetsDict = local.assetsDict || {};","        /* jslint-ignore-begin */","        local.assetsDict['/assets.index.template.html'] = '\\","<!doctype html>\\n\\","<html lang=\"en\">\\n\\","<head>\\n\\","<meta charset=\"UTF-8\">\\n\\","<meta name=\"viewport\" content=\"width=device-width, initial-scale=1\">\\n\\","<title>{{env.npm_package_name}} (v{{env.npm_package_version}})</title>\\n\\","<style>\\n\\","/*csslint\\n\\","    box-sizing: false,\\n\\","    universal-selector: false\\n\\","*/\\n\\","* {\\n\\","    box-sizing: border-box;\\n\\","}\\n\\","body {\\n\\","    background: #dde;\\n\\","    font-family: Arial, Helvetica, sans-serif;\\n\\","    margin: 2rem;\\n\\","}\\n\\","body > * {\\n\\","    margin-bottom: 1rem;\\n\\","}\\n\\",".utility2FooterDiv {\\n\\","    margin-top: 20px;\\n\\","    text-align: center;\\n\\","}\\n\\","</style>\\n\\","<style>\\n\\","/*csslint\\n\\","*/\\n\\","textarea {\\n\\","    font-family: monospace;\\n\\","    height: 10rem;\\n\\","    width: 100%;\\n\\","}\\n\\","textarea[readonly] {\\n\\","    background: #ddd;\\n\\","}\\n\\","</style>\\n\\","</head>\\n\\","<body>\\n\\","<!-- utility2-comment\\n\\","<div id=\"ajaxProgressDiv1\" style=\"background: #d00; height: 2px; left: 0; margin: 0; padding: 0; position: fixed; top: 0; transition: background 0.5s, width 1.5s; width: 25%;\"></div>\\n\\","utility2-comment -->\\n\\","<h1>\\n\\","<!-- utility2-comment\\n\\","    <a\\n\\","        {{#if env.npm_package_homepage}}\\n\\","        href=\"{{env.npm_package_homepage}}\"\\n\\","        {{/if env.npm_package_homepage}}\\n\\","        target=\"_blank\"\\n\\","    >\\n\\","utility2-comment -->\\n\\","        {{env.npm_package_name}} (v{{env.npm_package_version}})\\n\\","<!-- utility2-comment\\n\\","    </a>\\n\\","utility2-comment -->\\n\\","</h1>\\n\\","<h3>{{env.npm_package_description}}</h3>\\n\\","<!-- utility2-comment\\n\\","<h4><a download href=\"assets.app.js\">download standalone app</a></h4>\\n\\","<button class=\"onclick onreset\" id=\"testRunButton1\">run internal test</button><br>\\n\\","<div id=\"testReportDiv1\" style=\"display: none;\"></div>\\n\\","utility2-comment -->\\n\\","\\n\\","\\n\\","\\n\\","<label>stderr and stdout</label>\\n\\","<textarea class=\"resettable\" id=\"outputTextareaStdout1\" readonly></textarea>\\n\\","<!-- utility2-comment\\n\\","{{#if isRollup}}\\n\\","<script src=\"assets.app.js\"></script>\\n\\","{{#unless isRollup}}\\n\\","utility2-comment -->\\n\\","<script src=\"assets.utility2.rollup.js\"></script>\\n\\","<script src=\"jsonp.utility2._stateInit?callback=window.utility2._stateInit\"></script>\\n\\","<script src=\"assets.npmtest_image_size.rollup.js\"></script>\\n\\","<script src=\"assets.example.js\"></script>\\n\\","<script src=\"assets.test.js\"></script>\\n\\","<!-- utility2-comment\\n\\","{{/if isRollup}}\\n\\","utility2-comment -->\\n\\","<div class=\"utility2FooterDiv\">\\n\\","    [ this app was created with\\n\\","    <a href=\"https://github.com/kaizhu256/node-utility2\" target=\"_blank\">utility2</a>\\n\\","    ]\\n\\","</div>\\n\\","</body>\\n\\","</html>\\n\\","';","        /* jslint-ignore-end */","        if (local.templateRender) {","            local.assetsDict['/'] = local.templateRender(","                local.assetsDict['/assets.index.template.html'],","                {","                    env: local.objectSetDefault(local.env, {","                        npm_package_description: 'the greatest app in the world!',","                        npm_package_name: 'my-app',","                        npm_package_nameAlias: 'my_app',","                        npm_package_version: '0.0.1'","                    })","                }","            );","        } else {","            local.assetsDict['/'] = local.assetsDict['/assets.index.template.html']","                .replace((/\\{\\{env\\.(\\w+?)\\}\\}/g), function (match0, match1) {","                    // jslint-hack","                    String(match0);","                    switch (match1) {","                    case 'npm_package_description':","                        return 'the greatest app in the world!';","                    case 'npm_package_name':","                        return 'my-app';","                    case 'npm_package_nameAlias':","                        return 'my_app';","                    case 'npm_package_version':","                        return '0.0.1';","                    }","                });","        }","        // run the cli","        if (local.global.utility2_rollup || module !== require.main) {","            break;","        }","        local.assetsDict['/assets.example.js'] =","            local.assetsDict['/assets.example.js'] ||","            local.fs.readFileSync(__filename, 'utf8');","        local.assetsDict['/assets.npmtest_image_size.rollup.js'] =","            local.assetsDict['/assets.npmtest_image_size.rollup.js'] ||","            local.fs.readFileSync(","                // buildCustomOrg-hack","                local.npmtest_image_size.__dirname +","                    '/lib.npmtest_image_size.js',","                'utf8'","            ).replace((/^#!/), '//');","        local.assetsDict['/favicon.ico'] = local.assetsDict['/favicon.ico'] || '';","        // if $npm_config_timeout_exit exists,","        // then exit this process after $npm_config_timeout_exit ms","        if (Number(process.env.npm_config_timeout_exit)) {","            setTimeout(process.exit, Number(process.env.npm_config_timeout_exit));","        }","        // start server","        if (local.global.utility2_serverHttp1) {","            break;","        }","        process.env.PORT = process.env.PORT || '8081';","        console.error('server starting on port ' + process.env.PORT);","        local.http.createServer(function (request, response) {","            request.urlParsed = local.url.parse(request.url);","            if (local.assetsDict[request.urlParsed.pathname] !== undefined) {","                response.end(local.assetsDict[request.urlParsed.pathname]);","                return;","            }","            response.statusCode = 404;","            response.end();","        }).listen(process.env.PORT);","        break;","    }","}());",""],"l":{"26":2,"28":2,"33":2,"35":2,"37":2,"38":2,"39":2,"44":1,"51":2,"55":2,"59":2,"61":2,"69":1,"70":2,"76":2,"79":2,"82":2,"83":2,"85":1,"89":2,"92":1,"93":1,"94":1,"96":1,"97":1,"100":1,"101":1,"103":1,"106":1,"108":2,"114":1,"116":1,"118":1,"123":1,"124":2,"125":2,"126":2,"127":2,"128":2,"129":2,"130":1,"133":2,"134":2,"139":2,"143":1,"144":3,"145":1,"149":1,"150":1,"158":1,"160":1,"161":1,"162":1,"164":1,"166":1,"258":1,"259":1,"271":1,"274":6,"275":6,"277":1,"279":2,"281":1,"283":2,"288":1,"289":1,"291":1,"294":1,"302":1,"305":1,"306":1,"309":1,"310":1,"312":1,"313":1,"314":1,"315":1,"316":1,"317":1,"318":1,"320":1,"321":1,"323":1}},"/home/travis/build/npmtest/node-npmtest-image-size/image-size/lib/index.js":{"path":"/home/travis/build/npmtest/node-npmtest-image-size/image-size/lib/index.js","s":{"1":1,"2":1,"3":1,"4":1,"5":1,"6":1,"7":8,"8":1,"9":1,"10":0,"11":0,"12":0,"13":0,"14":0,"15":0,"16":0,"17":1,"18":0,"19":0,"20":0,"21":0,"22":0,"23":0,"24":0,"25":0,"26":0,"27":0,"28":0,"29":1,"30":0,"31":0,"32":0,"33":0,"34":0,"35":0,"36":0,"37":1,"38":0,"39":0,"40":0,"41":0,"42":0,"43":0,"44":0,"45":0,"46":0,"47":0,"48":0,"49":0,"50":0,"51":0,"52":0,"53":0,"54":1},"b":{"1":[0,0],"2":[0,0],"3":[0,0],"4":[0,0],"5":[0,0],"6":[0,0],"7":[0,0],"8":[0,0]},"f":{"1":8,"2":0,"3":0,"4":0,"5":0,"6":0,"7":0,"8":0,"9":0},"fnMap":{"1":{"name":"(anonymous_1)","line":12,"loc":{"start":{"line":12,"column":14},"end":{"line":12,"column":30}}},"2":{"name":"lookup","line":20,"loc":{"start":{"line":20,"column":0},"end":{"line":20,"column":35}}},"3":{"name":"asyncFileToBuffer","line":37,"loc":{"start":{"line":37,"column":0},"end":{"line":37,"column":48}}},"4":{"name":"(anonymous_4)","line":39,"loc":{"start":{"line":39,"column":25},"end":{"line":39,"column":52}}},"5":{"name":"(anonymous_5)","line":45,"loc":{"start":{"line":45,"column":50},"end":{"line":45,"column":65}}},"6":{"name":"(anonymous_6)","line":48,"loc":{"start":{"line":48,"column":27},"end":{"line":48,"column":42}}},"7":{"name":"syncFileToBuffer","line":55,"loc":{"start":{"line":55,"column":0},"end":{"line":55,"column":37}}},"8":{"name":"(anonymous_8)","line":70,"loc":{"start":{"line":70,"column":17},"end":{"line":70,"column":44}}},"9":{"name":"(anonymous_9)","line":86,"loc":{"start":{"line":86,"column":32},"end":{"line":86,"column":55}}}},"statementMap":{"1":{"start":{"line":3,"column":0},"end":{"line":3,"column":23}},"2":{"start":{"line":4,"column":0},"end":{"line":4,"column":27}},"3":{"start":{"line":6,"column":0},"end":{"line":6,"column":37}},"4":{"start":{"line":8,"column":0},"end":{"line":8,"column":18}},"5":{"start":{"line":9,"column":0},"end":{"line":9,"column":31}},"6":{"start":{"line":12,"column":0},"end":{"line":14,"column":3}},"7":{"start":{"line":13,"column":2},"end":{"line":13,"column":46}},"8":{"start":{"line":18,"column":0},"end":{"line":18,"column":29}},"9":{"start":{"line":20,"column":0},"end":{"line":35,"column":1}},"10":{"start":{"line":22,"column":2},"end":{"line":22,"column":40}},"11":{"start":{"line":25,"column":2},"end":{"line":31,"column":3}},"12":{"start":{"line":26,"column":4},"end":{"line":26,"column":58}},"13":{"start":{"line":27,"column":4},"end":{"line":30,"column":5}},"14":{"start":{"line":28,"column":6},"end":{"line":28,"column":23}},"15":{"start":{"line":29,"column":6},"end":{"line":29,"column":18}},"16":{"start":{"line":34,"column":2},"end":{"line":34,"column":86}},"17":{"start":{"line":37,"column":0},"end":{"line":53,"column":1}},"18":{"start":{"line":39,"column":2},"end":{"line":52,"column":5}},"19":{"start":{"line":40,"column":4},"end":{"line":40,"column":38}},"20":{"start":{"line":40,"column":15},"end":{"line":40,"column":36}},"21":{"start":{"line":41,"column":4},"end":{"line":41,"column":45}},"22":{"start":{"line":42,"column":4},"end":{"line":42,"column":51}},"23":{"start":{"line":43,"column":4},"end":{"line":43,"column":40}},"24":{"start":{"line":45,"column":4},"end":{"line":51,"column":7}},"25":{"start":{"line":46,"column":6},"end":{"line":46,"column":40}},"26":{"start":{"line":46,"column":17},"end":{"line":46,"column":38}},"27":{"start":{"line":48,"column":6},"end":{"line":50,"column":9}},"28":{"start":{"line":49,"column":8},"end":{"line":49,"column":30}},"29":{"start":{"line":55,"column":0},"end":{"line":64,"column":1}},"30":{"start":{"line":57,"column":2},"end":{"line":57,"column":46}},"31":{"start":{"line":58,"column":2},"end":{"line":58,"column":43}},"32":{"start":{"line":59,"column":2},"end":{"line":59,"column":49}},"33":{"start":{"line":60,"column":2},"end":{"line":60,"column":38}},"34":{"start":{"line":61,"column":2},"end":{"line":61,"column":52}},"35":{"start":{"line":62,"column":2},"end":{"line":62,"column":27}},"36":{"start":{"line":63,"column":2},"end":{"line":63,"column":16}},"37":{"start":{"line":70,"column":0},"end":{"line":102,"column":2}},"38":{"start":{"line":73,"column":2},"end":{"line":75,"column":3}},"39":{"start":{"line":74,"column":4},"end":{"line":74,"column":25}},"40":{"start":{"line":78,"column":2},"end":{"line":80,"column":3}},"41":{"start":{"line":79,"column":4},"end":{"line":79,"column":46}},"42":{"start":{"line":83,"column":2},"end":{"line":83,"column":37}},"43":{"start":{"line":85,"column":2},"end":{"line":101,"column":3}},"44":{"start":{"line":86,"column":4},"end":{"line":97,"column":7}},"45":{"start":{"line":87,"column":6},"end":{"line":87,"column":40}},"46":{"start":{"line":87,"column":17},"end":{"line":87,"column":38}},"47":{"start":{"line":90,"column":6},"end":{"line":90,"column":21}},"48":{"start":{"line":91,"column":6},"end":{"line":95,"column":7}},"49":{"start":{"line":92,"column":8},"end":{"line":92,"column":46}},"50":{"start":{"line":94,"column":8},"end":{"line":94,"column":16}},"51":{"start":{"line":96,"column":6},"end":{"line":96,"column":32}},"52":{"start":{"line":99,"column":4},"end":{"line":99,"column":44}},"53":{"start":{"line":100,"column":4},"end":{"line":100,"column":36}},"54":{"start":{"line":104,"column":0},"end":{"line":104,"column":29}}},"branchMap":{"1":{"line":25,"type":"if","locations":[{"start":{"line":25,"column":2},"end":{"line":25,"column":2}},{"start":{"line":25,"column":2},"end":{"line":25,"column":2}}]},"2":{"line":27,"type":"if","locations":[{"start":{"line":27,"column":4},"end":{"line":27,"column":4}},{"start":{"line":27,"column":4},"end":{"line":27,"column":4}}]},"3":{"line":40,"type":"if","locations":[{"start":{"line":40,"column":4},"end":{"line":40,"column":4}},{"start":{"line":40,"column":4},"end":{"line":40,"column":4}}]},"4":{"line":46,"type":"if","locations":[{"start":{"line":46,"column":6},"end":{"line":46,"column":6}},{"start":{"line":46,"column":6},"end":{"line":46,"column":6}}]},"5":{"line":73,"type":"if","locations":[{"start":{"line":73,"column":2},"end":{"line":73,"column":2}},{"start":{"line":73,"column":2},"end":{"line":73,"column":2}}]},"6":{"line":78,"type":"if","locations":[{"start":{"line":78,"column":2},"end":{"line":78,"column":2}},{"start":{"line":78,"column":2},"end":{"line":78,"column":2}}]},"7":{"line":85,"type":"if","locations":[{"start":{"line":85,"column":2},"end":{"line":85,"column":2}},{"start":{"line":85,"column":2},"end":{"line":85,"column":2}}]},"8":{"line":87,"type":"if","locations":[{"start":{"line":87,"column":6},"end":{"line":87,"column":6}},{"start":{"line":87,"column":6},"end":{"line":87,"column":6}}]}},"code":["'use strict';","","var fs = require('fs');","var path = require('path');","","var detector = require('./detector');","","var handlers = {};","var types = require('./types');","","// load all available handlers","types.forEach(function (type) {","  handlers[type] = require('./types/' + type);","});","","// Maximum buffer size, with a default of 128 kilobytes.","// TO-DO: make this adaptive based on the initial signature of the image","var MaxBufferSize = 128*1024;","","function lookup (buffer, filepath) {","  // detect the file type.. don't rely on the extension","  var type = detector(buffer, filepath);","","  // find an appropriate handler for this file type","  if (type in handlers) {","    var size = handlers[type].calculate(buffer, filepath);","    if (size !== false) {","      size.type = type;","      return size;","    }","  }","","  // throw up, if we don't understand the file","  throw new TypeError('unsupported file type: ' + type + ' (file: ' + filepath + ')');","}","","function asyncFileToBuffer (filepath, callback) {","  // open the file in read only mode","  fs.open(filepath, 'r', function (err, descriptor) {","    if (err) { return callback(err); }","    var size = fs.fstatSync(descriptor).size;","    var bufferSize = Math.min(size, MaxBufferSize);","    var buffer = new Buffer(bufferSize);","    // read first buffer block from the file, asynchronously","    fs.read(descriptor, buffer, 0, bufferSize, 0, function (err) {","      if (err) { return callback(err); }","      // close the file, we are done","      fs.close(descriptor, function (err) {","        callback(err, buffer);","      });","    });","  });","}","","function syncFileToBuffer (filepath) {","  // read from the file, synchronously","  var descriptor = fs.openSync(filepath, 'r');","  var size = fs.fstatSync(descriptor).size;","  var bufferSize = Math.min(size, MaxBufferSize);","  var buffer = new Buffer(bufferSize);","  fs.readSync(descriptor, buffer, 0, bufferSize, 0);","  fs.closeSync(descriptor);","  return buffer;","}","","/**"," * @params input - buffer or relative/absolute path of the image file"," * @params callback - optional function for async detection"," */","module.exports = function (input, callback) {","","  // Handle buffer input","  if (Buffer.isBuffer(input)) {","    return lookup(input);","  }","","  // input should be a string at this point","  if (typeof input !== 'string') {","    throw new TypeError('invalid invocation');","  }","","  // resolve the file path","  var filepath = path.resolve(input);","","  if (typeof callback === 'function') {","    asyncFileToBuffer(filepath, function (err, buffer) {","      if (err) { return callback(err); }","","      // return the dimensions","      var dimensions;","      try {","        dimensions = lookup(buffer, filepath);","      } catch (e) {","        err = e;","      }","      callback(err, dimensions);","    });","  } else {","    var buffer = syncFileToBuffer(filepath);","    return lookup(buffer, filepath);","  }","};","","module.exports.types = types;",""],"l":{"3":1,"4":1,"6":1,"8":1,"9":1,"12":1,"13":8,"18":1,"20":1,"22":0,"25":0,"26":0,"27":0,"28":0,"29":0,"34":0,"37":1,"39":0,"40":0,"41":0,"42":0,"43":0,"45":0,"46":0,"48":0,"49":0,"55":1,"57":0,"58":0,"59":0,"60":0,"61":0,"62":0,"63":0,"70":1,"73":0,"74":0,"78":0,"79":0,"83":0,"85":0,"86":0,"87":0,"90":0,"91":0,"92":0,"94":0,"96":0,"99":0,"100":0,"104":1}},"/home/travis/build/npmtest/node-npmtest-image-size/image-size/lib/detector.js":{"path":"/home/travis/build/npmtest/node-npmtest-image-size/image-size/lib/detector.js","s":{"1":1,"2":1,"3":1,"4":8,"5":1,"6":0,"7":0,"8":0,"9":0,"10":0},"b":{"1":[0,0]},"f":{"1":8,"2":0},"fnMap":{"1":{"name":"(anonymous_1)","line":7,"loc":{"start":{"line":7,"column":14},"end":{"line":7,"column":30}}},"2":{"name":"(anonymous_2)","line":11,"loc":{"start":{"line":11,"column":17},"end":{"line":11,"column":45}}}},"statementMap":{"1":{"start":{"line":3,"column":0},"end":{"line":3,"column":17}},"2":{"start":{"line":4,"column":0},"end":{"line":4,"column":31}},"3":{"start":{"line":7,"column":0},"end":{"line":9,"column":3}},"4":{"start":{"line":8,"column":2},"end":{"line":8,"column":52}},"5":{"start":{"line":11,"column":0},"end":{"line":19,"column":2}},"6":{"start":{"line":12,"column":2},"end":{"line":12,"column":19}},"7":{"start":{"line":13,"column":2},"end":{"line":18,"column":3}},"8":{"start":{"line":14,"column":4},"end":{"line":14,"column":45}},"9":{"start":{"line":15,"column":4},"end":{"line":17,"column":5}},"10":{"start":{"line":16,"column":6},"end":{"line":16,"column":18}}},"branchMap":{"1":{"line":15,"type":"if","locations":[{"start":{"line":15,"column":4},"end":{"line":15,"column":4}},{"start":{"line":15,"column":4},"end":{"line":15,"column":4}}]}},"code":["'use strict';","","var typeMap = {};","var types = require('./types');","","// load all available handlers","types.forEach(function (type) {","  typeMap[type] = require('./types/' + type).detect;","});","","module.exports = function (buffer, filepath) {","  var type, result;","  for (type in typeMap) {","    result = typeMap[type](buffer, filepath);","    if (result) {","      return type;","    }","  }","};",""],"l":{"3":1,"4":1,"7":1,"8":8,"11":1,"12":0,"13":0,"14":0,"15":0,"16":0}},"/home/travis/build/npmtest/node-npmtest-image-size/image-size/lib/types.js":{"path":"/home/travis/build/npmtest/node-npmtest-image-size/image-size/lib/types.js","s":{"1":1},"b":{},"f":{},"fnMap":{},"statementMap":{"1":{"start":{"line":3,"column":0},"end":{"line":12,"column":2}}},"branchMap":{},"code":["'use strict';","","module.exports = [","  'bmp',","  'gif',","  'jpg',","  'png',","  'psd',","  'svg',","  'tiff',","  'webp'","];",""],"l":{"3":1}},"/home/travis/build/npmtest/node-npmtest-image-size/image-size/lib/types/bmp.js":{"path":"/home/travis/build/npmtest/node-npmtest-image-size/image-size/lib/types/bmp.js","s":{"1":1,"2":0,"3":1,"4":0,"5":1},"b":{},"f":{"1":0,"2":0},"fnMap":{"1":{"name":"isBMP","line":3,"loc":{"start":{"line":3,"column":0},"end":{"line":3,"column":24}}},"2":{"name":"calculate","line":7,"loc":{"start":{"line":7,"column":0},"end":{"line":7,"column":28}}}},"statementMap":{"1":{"start":{"line":3,"column":0},"end":{"line":5,"column":1}},"2":{"start":{"line":4,"column":2},"end":{"line":4,"column":51}},"3":{"start":{"line":7,"column":0},"end":{"line":12,"column":1}},"4":{"start":{"line":8,"column":2},"end":{"line":11,"column":4}},"5":{"start":{"line":14,"column":0},"end":{"line":17,"column":2}}},"branchMap":{},"code":["'use strict';","","function isBMP (buffer) {","  return ('BM' === buffer.toString('ascii', 0, 2));","}","","function calculate (buffer) {","  return {","    'width': buffer.readUInt32LE(18),","    'height': buffer.readUInt32LE(22)","  };","}","","module.exports = {","  'detect': isBMP,","  'calculate': calculate","};",""],"l":{"3":1,"4":0,"7":1,"8":0,"14":1}},"/home/travis/build/npmtest/node-npmtest-image-size/image-size/lib/types/gif.js":{"path":"/home/travis/build/npmtest/node-npmtest-image-size/image-size/lib/types/gif.js","s":{"1":1,"2":1,"3":0,"4":0,"5":1,"6":0,"7":1},"b":{},"f":{"1":0,"2":0},"fnMap":{"1":{"name":"isGIF","line":4,"loc":{"start":{"line":4,"column":0},"end":{"line":4,"column":24}}},"2":{"name":"calculate","line":9,"loc":{"start":{"line":9,"column":0},"end":{"line":9,"column":27}}}},"statementMap":{"1":{"start":{"line":3,"column":0},"end":{"line":3,"column":30}},"2":{"start":{"line":4,"column":0},"end":{"line":7,"column":1}},"3":{"start":{"line":5,"column":2},"end":{"line":5,"column":49}},"4":{"start":{"line":6,"column":2},"end":{"line":6,"column":37}},"5":{"start":{"line":9,"column":0},"end":{"line":14,"column":1}},"6":{"start":{"line":10,"column":2},"end":{"line":13,"column":4}},"7":{"start":{"line":16,"column":0},"end":{"line":19,"column":2}}},"branchMap":{},"code":["'use strict';","","var gifRegexp = /^GIF8[7,9]a/;","function isGIF (buffer) {","  var signature = buffer.toString('ascii', 0, 6);","  return (gifRegexp.test(signature));","}","","function calculate(buffer) {","  return {","    'width': buffer.readUInt16LE(6),","    'height': buffer.readUInt16LE(8)","  };","}","","module.exports = {","  'detect': isGIF,","  'calculate': calculate","};",""],"l":{"3":1,"4":1,"5":0,"6":0,"9":1,"10":0,"16":1}},"/home/travis/build/npmtest/node-npmtest-image-size/image-size/lib/types/jpg.js":{"path":"/home/travis/build/npmtest/node-npmtest-image-size/image-size/lib/types/jpg.js","s":{"1":1,"2":0,"3":0,"4":1,"5":0,"6":1,"7":0,"8":0,"9":0,"10":0,"11":1,"12":0,"13":0,"14":0,"15":0,"16":0,"17":0,"18":0,"19":0,"20":0,"21":0,"22":1},"b":{"1":[0,0],"2":[0,0],"3":[0,0],"4":[0,0]},"f":{"1":0,"2":0,"3":0,"4":0},"fnMap":{"1":{"name":"isJPG","line":8,"loc":{"start":{"line":8,"column":0},"end":{"line":8,"column":24}}},"2":{"name":"extractSize","line":14,"loc":{"start":{"line":14,"column":0},"end":{"line":14,"column":33}}},"3":{"name":"validateBuffer","line":21,"loc":{"start":{"line":21,"column":0},"end":{"line":21,"column":36}}},"4":{"name":"calculate","line":32,"loc":{"start":{"line":32,"column":0},"end":{"line":32,"column":28}}}},"statementMap":{"1":{"start":{"line":8,"column":0},"end":{"line":12,"column":1}},"2":{"start":{"line":9,"column":2},"end":{"line":9,"column":47}},"3":{"start":{"line":11,"column":2},"end":{"line":11,"column":32}},"4":{"start":{"line":14,"column":0},"end":{"line":19,"column":1}},"5":{"start":{"line":15,"column":2},"end":{"line":18,"column":4}},"6":{"start":{"line":21,"column":0},"end":{"line":30,"column":1}},"7":{"start":{"line":23,"column":2},"end":{"line":25,"column":3}},"8":{"start":{"line":24,"column":4},"end":{"line":24,"column":63}},"9":{"start":{"line":27,"column":2},"end":{"line":29,"column":3}},"10":{"start":{"line":28,"column":4},"end":{"line":28,"column":63}},"11":{"start":{"line":32,"column":0},"end":{"line":57,"column":1}},"12":{"start":{"line":35,"column":2},"end":{"line":35,"column":27}},"13":{"start":{"line":37,"column":2},"end":{"line":37,"column":14}},"14":{"start":{"line":38,"column":2},"end":{"line":54,"column":3}},"15":{"start":{"line":40,"column":4},"end":{"line":40,"column":31}},"16":{"start":{"line":43,"column":4},"end":{"line":43,"column":30}},"17":{"start":{"line":47,"column":4},"end":{"line":47,"column":25}},"18":{"start":{"line":48,"column":4},"end":{"line":50,"column":5}},"19":{"start":{"line":49,"column":6},"end":{"line":49,"column":40}},"20":{"start":{"line":53,"column":4},"end":{"line":53,"column":33}},"21":{"start":{"line":56,"column":2},"end":{"line":56,"column":52}},"22":{"start":{"line":59,"column":0},"end":{"line":62,"column":2}}},"branchMap":{"1":{"line":23,"type":"if","locations":[{"start":{"line":23,"column":2},"end":{"line":23,"column":2}},{"start":{"line":23,"column":2},"end":{"line":23,"column":2}}]},"2":{"line":27,"type":"if","locations":[{"start":{"line":27,"column":2},"end":{"line":27,"column":2}},{"start":{"line":27,"column":2},"end":{"line":27,"column":2}}]},"3":{"line":48,"type":"if","locations":[{"start":{"line":48,"column":4},"end":{"line":48,"column":4}},{"start":{"line":48,"column":4},"end":{"line":48,"column":4}}]},"4":{"line":48,"type":"binary-expr","locations":[{"start":{"line":48,"column":8},"end":{"line":48,"column":21}},{"start":{"line":48,"column":25},"end":{"line":48,"column":38}}]}},"code":["'use strict';","","// NOTE: we only support baseline and progressive JPGs here","// due to the structure of the loader class, we only get a buffer","// with a maximum size of 4096 bytes. so if the SOF marker is outside","// if this range we can't detect the file size correctly.","","function isJPG (buffer) { //, filepath","  var SOIMarker = buffer.toString('hex', 0, 2);","","  return ('ffd8' === SOIMarker);","}","","function extractSize (buffer, i) {","  return {","    'height' : buffer.readUInt16BE(i),","    'width' : buffer.readUInt16BE(i + 2)","  };","}","","function validateBuffer (buffer, i) {","  // index should be within buffer limits","  if (i > buffer.length) {","    throw new TypeError('Corrupt JPG, exceeded buffer limits');","  }","  // Every JPEG block must begin with a 0xFF","  if (buffer[i] !== 0xFF) {","    throw new TypeError('Invalid JPG, marker table corrupted');","  }","}","","function calculate (buffer) {","","  // Skip 5 chars, they are for signature","  buffer = buffer.slice(4);","","  var i, next;","  while (buffer.length) {","    // read length of the next block","    i = buffer.readUInt16BE(0);","","    // ensure correct format","    validateBuffer(buffer, i);","","    // 0xFFC0 is baseline(SOF)","    // 0xFFC2 is progressive(SOF2)","    next = buffer[i + 1];","    if (next === 0xC0 || next === 0xC2) {","      return extractSize(buffer, i + 5);","    }","","    // move to the next block","    buffer = buffer.slice(i + 2);","  }","","  throw new TypeError('Invalid JPG, no size found');","}","","module.exports = {","  'detect': isJPG,","  'calculate': calculate","};",""],"l":{"8":1,"9":0,"11":0,"14":1,"15":0,"21":1,"23":0,"24":0,"27":0,"28":0,"32":1,"35":0,"37":0,"38":0,"40":0,"43":0,"47":0,"48":0,"49":0,"53":0,"56":0,"59":1}},"/home/travis/build/npmtest/node-npmtest-image-size/image-size/lib/types/png.js":{"path":"/home/travis/build/npmtest/node-npmtest-image-size/image-size/lib/types/png.js","s":{"1":1,"2":1,"3":0,"4":0,"5":0,"6":0,"7":1,"8":0,"9":1},"b":{"1":[0,0],"2":[0,0]},"f":{"1":0,"2":0},"fnMap":{"1":{"name":"isPNG","line":4,"loc":{"start":{"line":4,"column":0},"end":{"line":4,"column":24}}},"2":{"name":"calculate","line":13,"loc":{"start":{"line":13,"column":0},"end":{"line":13,"column":28}}}},"statementMap":{"1":{"start":{"line":3,"column":0},"end":{"line":3,"column":35}},"2":{"start":{"line":4,"column":0},"end":{"line":11,"column":1}},"3":{"start":{"line":5,"column":2},"end":{"line":10,"column":3}},"4":{"start":{"line":6,"column":4},"end":{"line":8,"column":5}},"5":{"start":{"line":7,"column":6},"end":{"line":7,"column":41}},"6":{"start":{"line":9,"column":4},"end":{"line":9,"column":16}},"7":{"start":{"line":13,"column":0},"end":{"line":18,"column":1}},"8":{"start":{"line":14,"column":2},"end":{"line":17,"column":4}},"9":{"start":{"line":20,"column":0},"end":{"line":23,"column":2}}},"branchMap":{"1":{"line":5,"type":"if","locations":[{"start":{"line":5,"column":2},"end":{"line":5,"column":2}},{"start":{"line":5,"column":2},"end":{"line":5,"column":2}}]},"2":{"line":6,"type":"if","locations":[{"start":{"line":6,"column":4},"end":{"line":6,"column":4}},{"start":{"line":6,"column":4},"end":{"line":6,"column":4}}]}},"code":["'use strict';","","var pngSignature = 'PNG\\r\\n\\x1a\\n';","function isPNG (buffer) {","  if (pngSignature === buffer.toString('ascii', 1, 8)) {","    if ('IHDR' !== buffer.toString('ascii', 12, 16)) {","      throw new TypeError('invalid png');","    }","    return true;","  }","}","","function calculate (buffer) {","  return {","    'width': buffer.readUInt32BE(16),","    'height': buffer.readUInt32BE(20)","  };","}","","module.exports = {","  'detect': isPNG,","  'calculate': calculate","};",""],"l":{"3":1,"4":1,"5":0,"6":0,"7":0,"9":0,"13":1,"14":0,"20":1}},"/home/travis/build/npmtest/node-npmtest-image-size/image-size/lib/types/psd.js":{"path":"/home/travis/build/npmtest/node-npmtest-image-size/image-size/lib/types/psd.js","s":{"1":1,"2":0,"3":1,"4":0,"5":1},"b":{},"f":{"1":0,"2":0},"fnMap":{"1":{"name":"isPSD","line":3,"loc":{"start":{"line":3,"column":0},"end":{"line":3,"column":24}}},"2":{"name":"calculate","line":7,"loc":{"start":{"line":7,"column":0},"end":{"line":7,"column":28}}}},"statementMap":{"1":{"start":{"line":3,"column":0},"end":{"line":5,"column":1}},"2":{"start":{"line":4,"column":2},"end":{"line":4,"column":53}},"3":{"start":{"line":7,"column":0},"end":{"line":12,"column":1}},"4":{"start":{"line":8,"column":2},"end":{"line":11,"column":4}},"5":{"start":{"line":14,"column":0},"end":{"line":17,"column":2}}},"branchMap":{},"code":["'use strict';","","function isPSD (buffer) {","  return ('8BPS' === buffer.toString('ascii', 0, 4));","}","","function calculate (buffer) {","  return {","    'width': buffer.readUInt32BE(18),","    'height': buffer.readUInt32BE(14)","  };","}","","module.exports = {","  'detect': isPSD,","  'calculate': calculate","};",""],"l":{"3":1,"4":0,"7":1,"8":0,"14":1}},"/home/travis/build/npmtest/node-npmtest-image-size/image-size/lib/types/svg.js":{"path":"/home/travis/build/npmtest/node-npmtest-image-size/image-size/lib/types/svg.js","s":{"1":1,"2":1,"3":0,"4":1,"5":1,"6":0,"7":0,"8":1,"9":0,"10":0,"11":0,"12":0,"13":1,"14":0,"15":1,"16":0,"17":0,"18":0,"19":0,"20":0,"21":0,"22":1,"23":0,"24":0,"25":0,"26":0,"27":0,"28":0,"29":0,"30":0,"31":1},"b":{"1":[0,0],"2":[0,0],"3":[0,0],"4":[0,0],"5":[0,0],"6":[0,0],"7":[0,0],"8":[0,0],"9":[0,0]},"f":{"1":0,"2":0,"3":0,"4":0,"5":0,"6":0},"fnMap":{"1":{"name":"isSVG","line":4,"loc":{"start":{"line":4,"column":0},"end":{"line":4,"column":24}}},"2":{"name":"parseViewbox","line":15,"loc":{"start":{"line":15,"column":0},"end":{"line":15,"column":32}}},"3":{"name":"parseAttributes","line":23,"loc":{"start":{"line":23,"column":0},"end":{"line":23,"column":32}}},"4":{"name":"calculateByDimensions","line":34,"loc":{"start":{"line":34,"column":0},"end":{"line":34,"column":39}}},"5":{"name":"calculateByViewbox","line":41,"loc":{"start":{"line":41,"column":0},"end":{"line":41,"column":36}}},"6":{"name":"calculate","line":61,"loc":{"start":{"line":61,"column":0},"end":{"line":61,"column":28}}}},"statementMap":{"1":{"start":{"line":3,"column":0},"end":{"line":3,"column":31}},"2":{"start":{"line":4,"column":0},"end":{"line":6,"column":1}},"3":{"start":{"line":5,"column":2},"end":{"line":5,"column":29}},"4":{"start":{"line":8,"column":0},"end":{"line":13,"column":2}},"5":{"start":{"line":15,"column":0},"end":{"line":21,"column":1}},"6":{"start":{"line":16,"column":2},"end":{"line":16,"column":34}},"7":{"start":{"line":17,"column":2},"end":{"line":20,"column":4}},"8":{"start":{"line":23,"column":0},"end":{"line":32,"column":1}},"9":{"start":{"line":24,"column":2},"end":{"line":24,"column":49}},"10":{"start":{"line":25,"column":2},"end":{"line":25,"column":51}},"11":{"start":{"line":26,"column":2},"end":{"line":26,"column":53}},"12":{"start":{"line":27,"column":2},"end":{"line":31,"column":4}},"13":{"start":{"line":34,"column":0},"end":{"line":39,"column":1}},"14":{"start":{"line":35,"column":2},"end":{"line":38,"column":4}},"15":{"start":{"line":41,"column":0},"end":{"line":59,"column":1}},"16":{"start":{"line":42,"column":2},"end":{"line":42,"column":57}},"17":{"start":{"line":43,"column":2},"end":{"line":48,"column":3}},"18":{"start":{"line":44,"column":4},"end":{"line":47,"column":6}},"19":{"start":{"line":49,"column":2},"end":{"line":54,"column":3}},"20":{"start":{"line":50,"column":4},"end":{"line":53,"column":6}},"21":{"start":{"line":55,"column":2},"end":{"line":58,"column":4}},"22":{"start":{"line":61,"column":0},"end":{"line":73,"column":1}},"23":{"start":{"line":62,"column":2},"end":{"line":62,"column":66}},"24":{"start":{"line":63,"column":2},"end":{"line":71,"column":3}},"25":{"start":{"line":64,"column":4},"end":{"line":64,"column":41}},"26":{"start":{"line":65,"column":4},"end":{"line":67,"column":5}},"27":{"start":{"line":66,"column":6},"end":{"line":66,"column":42}},"28":{"start":{"line":68,"column":4},"end":{"line":70,"column":5}},"29":{"start":{"line":69,"column":6},"end":{"line":69,"column":39}},"30":{"start":{"line":72,"column":2},"end":{"line":72,"column":37}},"31":{"start":{"line":75,"column":0},"end":{"line":78,"column":2}}},"branchMap":{"1":{"line":28,"type":"binary-expr","locations":[{"start":{"line":28,"column":13},"end":{"line":28,"column":18}},{"start":{"line":28,"column":22},"end":{"line":28,"column":44}}]},"2":{"line":29,"type":"binary-expr","locations":[{"start":{"line":29,"column":14},"end":{"line":29,"column":20}},{"start":{"line":29,"column":24},"end":{"line":29,"column":47}}]},"3":{"line":30,"type":"binary-expr","locations":[{"start":{"line":30,"column":15},"end":{"line":30,"column":22}},{"start":{"line":30,"column":26},"end":{"line":30,"column":50}}]},"4":{"line":43,"type":"if","locations":[{"start":{"line":43,"column":2},"end":{"line":43,"column":2}},{"start":{"line":43,"column":2},"end":{"line":43,"column":2}}]},"5":{"line":49,"type":"if","locations":[{"start":{"line":49,"column":2},"end":{"line":49,"column":2}},{"start":{"line":49,"column":2},"end":{"line":49,"column":2}}]},"6":{"line":63,"type":"if","locations":[{"start":{"line":63,"column":2},"end":{"line":63,"column":2}},{"start":{"line":63,"column":2},"end":{"line":63,"column":2}}]},"7":{"line":65,"type":"if","locations":[{"start":{"line":65,"column":4},"end":{"line":65,"column":4}},{"start":{"line":65,"column":4},"end":{"line":65,"column":4}}]},"8":{"line":65,"type":"binary-expr","locations":[{"start":{"line":65,"column":8},"end":{"line":65,"column":19}},{"start":{"line":65,"column":23},"end":{"line":65,"column":35}}]},"9":{"line":68,"type":"if","locations":[{"start":{"line":68,"column":4},"end":{"line":68,"column":4}},{"start":{"line":68,"column":4},"end":{"line":68,"column":4}}]}},"code":["'use strict';","","var svgReg = /<svg[^>]+[^>]*>/;","function isSVG (buffer) {","  return svgReg.test(buffer);","}","","var extractorRegExps = {","  'root': /<svg\\s[^>]+>/,","  'width': /\\bwidth=(['\"])([^%]+?)\\1/,","  'height': /\\bheight=(['\"])([^%]+?)\\1/,","  'viewbox': /\\bviewBox=(['\"])(.+?)\\1/","};","","function parseViewbox (viewbox) {","  var bounds = viewbox.split(' ');","  return {","    'width': parseInt(bounds[2], 10),","    'height': parseInt(bounds[3], 10)","  };","}","","function parseAttributes (root) {","  var width = root.match(extractorRegExps.width);","  var height = root.match(extractorRegExps.height);","  var viewbox = root.match(extractorRegExps.viewbox);","  return {","    'width': width && parseInt(width[2], 10),","    'height': height && parseInt(height[2], 10),","    'viewbox': viewbox && parseViewbox(viewbox[2])","  };","}","","function calculateByDimensions (attrs) {","  return {","    'width': attrs.width,","    'height': attrs.height","  };","}","","function calculateByViewbox (attrs) {","  var ratio = attrs.viewbox.width / attrs.viewbox.height;","  if (attrs.width) {","    return {","      'width': attrs.width,","      'height': Math.floor(attrs.width / ratio)","    };","  }","  if (attrs.height) {","    return {","      'width': Math.floor(attrs.height * ratio),","      'height': attrs.height","    };","  }","  return {","    'width': attrs.viewbox.width,","    'height': attrs.viewbox.height","  };","}","","function calculate (buffer) {","  var root = buffer.toString('utf8').match(extractorRegExps.root);","  if (root) {","    var attrs = parseAttributes(root[0]);","    if (attrs.width && attrs.height) {","      return calculateByDimensions(attrs);","    }","    if (attrs.viewbox) {","      return calculateByViewbox(attrs);","    }","  }","  throw new TypeError('invalid svg');","}","","module.exports = {","  'detect': isSVG,","  'calculate': calculate","};",""],"l":{"3":1,"4":1,"5":0,"8":1,"15":1,"16":0,"17":0,"23":1,"24":0,"25":0,"26":0,"27":0,"34":1,"35":0,"41":1,"42":0,"43":0,"44":0,"49":0,"50":0,"55":0,"61":1,"62":0,"63":0,"64":0,"65":0,"66":0,"68":0,"69":0,"72":0,"75":1}},"/home/travis/build/npmtest/node-npmtest-image-size/image-size/lib/types/tiff.js":{"path":"/home/travis/build/npmtest/node-npmtest-image-size/image-size/lib/types/tiff.js","s":{"1":1,"2":1,"3":1,"4":0,"5":0,"6":1,"7":0,"8":0,"9":0,"10":0,"11":0,"12":0,"13":0,"14":0,"15":0,"16":0,"17":1,"18":0,"19":0,"20":0,"21":1,"22":0,"23":0,"24":1,"25":0,"26":0,"27":0,"28":0,"29":0,"30":0,"31":0,"32":0,"33":0,"34":0,"35":0,"36":0,"37":1,"38":0,"39":0,"40":0,"41":0,"42":0,"43":1,"44":0,"45":0,"46":0,"47":0,"48":0,"49":0,"50":0,"51":0,"52":0,"53":0,"54":1},"b":{"1":[0,0],"2":[0,0],"3":[0,0],"4":[0,0],"5":[0,0],"6":[0,0],"7":[0,0,0],"8":[0,0],"9":[0,0],"10":[0,0],"11":[0,0],"12":[0,0]},"f":{"1":0,"2":0,"3":0,"4":0,"5":0,"6":0,"7":0},"fnMap":{"1":{"name":"isTIFF","line":9,"loc":{"start":{"line":9,"column":0},"end":{"line":9,"column":25}}},"2":{"name":"readIFD","line":15,"loc":{"start":{"line":15,"column":0},"end":{"line":15,"column":49}}},"3":{"name":"readValue","line":37,"loc":{"start":{"line":37,"column":0},"end":{"line":37,"column":41}}},"4":{"name":"nextTag","line":44,"loc":{"start":{"line":44,"column":0},"end":{"line":44,"column":26}}},"5":{"name":"extractTags","line":51,"loc":{"start":{"line":51,"column":0},"end":{"line":51,"column":43}}},"6":{"name":"determineEndianness","line":78,"loc":{"start":{"line":78,"column":0},"end":{"line":78,"column":38}}},"7":{"name":"calculate","line":87,"loc":{"start":{"line":87,"column":0},"end":{"line":87,"column":38}}}},"statementMap":{"1":{"start":{"line":6,"column":0},"end":{"line":6,"column":23}},"2":{"start":{"line":7,"column":0},"end":{"line":7,"column":38}},"3":{"start":{"line":9,"column":0},"end":{"line":12,"column":1}},"4":{"start":{"line":10,"column":2},"end":{"line":10,"column":42}},"5":{"start":{"line":11,"column":2},"end":{"line":11,"column":54}},"6":{"start":{"line":15,"column":0},"end":{"line":34,"column":1}},"7":{"start":{"line":17,"column":2},"end":{"line":17,"column":55}},"8":{"start":{"line":20,"column":2},"end":{"line":20,"column":24}},"9":{"start":{"line":21,"column":2},"end":{"line":21,"column":44}},"10":{"start":{"line":22,"column":2},"end":{"line":24,"column":3}},"11":{"start":{"line":23,"column":4},"end":{"line":23,"column":43}},"12":{"start":{"line":27,"column":2},"end":{"line":27,"column":41}},"13":{"start":{"line":28,"column":2},"end":{"line":28,"column":46}},"14":{"start":{"line":29,"column":2},"end":{"line":29,"column":63}},"15":{"start":{"line":32,"column":2},"end":{"line":32,"column":37}},"16":{"start":{"line":33,"column":2},"end":{"line":33,"column":19}},"17":{"start":{"line":37,"column":0},"end":{"line":41,"column":1}},"18":{"start":{"line":38,"column":2},"end":{"line":38,"column":49}},"19":{"start":{"line":39,"column":2},"end":{"line":39,"column":51}},"20":{"start":{"line":40,"column":2},"end":{"line":40,"column":28}},"21":{"start":{"line":44,"column":0},"end":{"line":48,"column":1}},"22":{"start":{"line":45,"column":2},"end":{"line":47,"column":3}},"23":{"start":{"line":46,"column":4},"end":{"line":46,"column":28}},"24":{"start":{"line":51,"column":0},"end":{"line":75,"column":1}},"25":{"start":{"line":52,"column":2},"end":{"line":52,"column":16}},"26":{"start":{"line":53,"column":2},"end":{"line":53,"column":25}},"27":{"start":{"line":55,"column":2},"end":{"line":73,"column":3}},"28":{"start":{"line":56,"column":4},"end":{"line":56,"column":48}},"29":{"start":{"line":57,"column":4},"end":{"line":57,"column":48}},"30":{"start":{"line":58,"column":4},"end":{"line":58,"column":50}},"31":{"start":{"line":61,"column":4},"end":{"line":72,"column":5}},"32":{"start":{"line":62,"column":6},"end":{"line":62,"column":12}},"33":{"start":{"line":66,"column":6},"end":{"line":68,"column":7}},"34":{"start":{"line":67,"column":8},"end":{"line":67,"column":52}},"35":{"start":{"line":71,"column":6},"end":{"line":71,"column":31}},"36":{"start":{"line":74,"column":2},"end":{"line":74,"column":14}},"37":{"start":{"line":78,"column":0},"end":{"line":85,"column":1}},"38":{"start":{"line":79,"column":2},"end":{"line":79,"column":49}},"39":{"start":{"line":80,"column":2},"end":{"line":84,"column":3}},"40":{"start":{"line":81,"column":4},"end":{"line":81,"column":16}},"41":{"start":{"line":82,"column":9},"end":{"line":84,"column":3}},"42":{"start":{"line":83,"column":4},"end":{"line":83,"column":16}},"43":{"start":{"line":87,"column":0},"end":{"line":113,"column":1}},"44":{"start":{"line":89,"column":2},"end":{"line":91,"column":3}},"45":{"start":{"line":90,"column":4},"end":{"line":90,"column":56}},"46":{"start":{"line":94,"column":2},"end":{"line":94,"column":57}},"47":{"start":{"line":97,"column":2},"end":{"line":97,"column":57}},"48":{"start":{"line":100,"column":2},"end":{"line":100,"column":49}},"49":{"start":{"line":102,"column":2},"end":{"line":102,"column":24}},"50":{"start":{"line":103,"column":2},"end":{"line":103,"column":25}},"51":{"start":{"line":105,"column":2},"end":{"line":107,"column":3}},"52":{"start":{"line":106,"column":4},"end":{"line":106,"column":54}},"53":{"start":{"line":109,"column":2},"end":{"line":112,"column":4}},"54":{"start":{"line":115,"column":0},"end":{"line":118,"column":2}}},"branchMap":{"1":{"line":11,"type":"binary-expr","locations":[{"start":{"line":11,"column":10},"end":{"line":11,"column":29}},{"start":{"line":11,"column":33},"end":{"line":11,"column":52}}]},"2":{"line":22,"type":"if","locations":[{"start":{"line":22,"column":2},"end":{"line":22,"column":2}},{"start":{"line":22,"column":2},"end":{"line":22,"column":2}}]},"3":{"line":45,"type":"if","locations":[{"start":{"line":45,"column":2},"end":{"line":45,"column":2}},{"start":{"line":45,"column":2},"end":{"line":45,"column":2}}]},"4":{"line":55,"type":"binary-expr","locations":[{"start":{"line":55,"column":9},"end":{"line":55,"column":15}},{"start":{"line":55,"column":19},"end":{"line":55,"column":32}}]},"5":{"line":61,"type":"if","locations":[{"start":{"line":61,"column":4},"end":{"line":61,"column":4}},{"start":{"line":61,"column":4},"end":{"line":61,"column":4}}]},"6":{"line":66,"type":"if","locations":[{"start":{"line":66,"column":6},"end":{"line":66,"column":6}},{"start":{"line":66,"column":6},"end":{"line":66,"column":6}}]},"7":{"line":66,"type":"binary-expr","locations":[{"start":{"line":66,"column":10},"end":{"line":66,"column":22}},{"start":{"line":66,"column":27},"end":{"line":66,"column":37}},{"start":{"line":66,"column":41},"end":{"line":66,"column":51}}]},"8":{"line":80,"type":"if","locations":[{"start":{"line":80,"column":2},"end":{"line":80,"column":2}},{"start":{"line":80,"column":2},"end":{"line":80,"column":2}}]},"9":{"line":82,"type":"if","locations":[{"start":{"line":82,"column":9},"end":{"line":82,"column":9}},{"start":{"line":82,"column":9},"end":{"line":82,"column":9}}]},"10":{"line":89,"type":"if","locations":[{"start":{"line":89,"column":2},"end":{"line":89,"column":2}},{"start":{"line":89,"column":2},"end":{"line":89,"column":2}}]},"11":{"line":105,"type":"if","locations":[{"start":{"line":105,"column":2},"end":{"line":105,"column":2}},{"start":{"line":105,"column":2},"end":{"line":105,"column":2}}]},"12":{"line":105,"type":"binary-expr","locations":[{"start":{"line":105,"column":6},"end":{"line":105,"column":12}},{"start":{"line":105,"column":16},"end":{"line":105,"column":23}}]}},"code":["'use strict';","","// based on http://www.compix.com/fileformattif.htm","// TO-DO: support big-endian as well","","var fs = require('fs');","var readUInt = require('../readUInt');","","function isTIFF (buffer) {","  var hex4 = buffer.toString('hex', 0, 4);","  return ('49492a00' === hex4 || '4d4d002a' === hex4);","}","","// Read IFD (image-file-directory) into a buffer","function readIFD (buffer, filepath, isBigEndian) {","","  var ifdOffset = readUInt(buffer, 32, 4, isBigEndian);","","  // read only till the end of the file","  var bufferSize = 1024;","  var fileSize = fs.statSync(filepath).size;","  if (ifdOffset + bufferSize > fileSize) {","    bufferSize = fileSize - ifdOffset - 10;","  }","","  // populate the buffer","  var endBuffer = new Buffer(bufferSize);","  var descriptor = fs.openSync(filepath, 'r');","  fs.readSync(descriptor, endBuffer, 0, bufferSize, ifdOffset);","","  // var ifdLength = readUInt(endBuffer, 16, 0, isBigEndian);","  var ifdBuffer = endBuffer.slice(2); //, 2 + 12 * ifdLength);","  return ifdBuffer;","}","","// TIFF values seem to be messed up on Big-Endian, this helps","function readValue (buffer, isBigEndian) {","  var low = readUInt(buffer, 16, 8, isBigEndian);","  var high = readUInt(buffer, 16, 10, isBigEndian);","  return (high << 16) + low;","}","","// move to the next tag","function nextTag (buffer) {","  if (buffer.length > 24) {","    return buffer.slice(12);","  }","}","","// Extract IFD tags from TIFF metadata","function extractTags (buffer, isBigEndian) {","  var tags = {};","  var code, type, length;","","  while (buffer && buffer.length) {","    code = readUInt(buffer, 16, 0, isBigEndian);","    type = readUInt(buffer, 16, 2, isBigEndian);","    length = readUInt(buffer, 32, 4, isBigEndian);","","    // 0 means end of IFD","    if (code === 0) {","      break;","    } else {","      // 256 is width, 257 is height","      // if (code === 256 || code === 257) {","      if (length === 1 && (type === 3 || type === 4)) {","        tags[code] = readValue(buffer, isBigEndian);","      }","","      // move to the next tag","      buffer = nextTag(buffer);","    }","  }","  return tags;","}","","// Test if the TIFF is Big Endian or Little Endian","function determineEndianness (buffer) {","  var signature = buffer.toString('ascii', 0, 2);","  if ('II' === signature) {","    return 'LE';","  } else if ('MM' === signature) {","    return 'BE';","  }","}","","function calculate (buffer, filepath) {","","  if (!filepath) {","    throw new TypeError('Tiff doesn\\'t support buffer');","  }","","  // Determine BE/LE","  var isBigEndian = determineEndianness(buffer) === 'BE';","","  // read the IFD","  var ifdBuffer = readIFD(buffer, filepath, isBigEndian);","","  // extract the tags from the IFD","  var tags = extractTags(ifdBuffer, isBigEndian);","","  var width = tags[256];","  var height = tags[257];","","  if (!width || !height) {","    throw new TypeError('Invalid Tiff, missing tags');","  }","","  return {","    'width': width,","    'height': height","  };","}","","module.exports = {","  'detect': isTIFF,","  'calculate': calculate","};",""],"l":{"6":1,"7":1,"9":1,"10":0,"11":0,"15":1,"17":0,"20":0,"21":0,"22":0,"23":0,"27":0,"28":0,"29":0,"32":0,"33":0,"37":1,"38":0,"39":0,"40":0,"44":1,"45":0,"46":0,"51":1,"52":0,"53":0,"55":0,"56":0,"57":0,"58":0,"61":0,"62":0,"66":0,"67":0,"71":0,"74":0,"78":1,"79":0,"80":0,"81":0,"82":0,"83":0,"87":1,"89":0,"90":0,"94":0,"97":0,"100":0,"102":0,"103":0,"105":0,"106":0,"109":0,"115":1}},"/home/travis/build/npmtest/node-npmtest-image-size/image-size/lib/readUInt.js":{"path":"/home/travis/build/npmtest/node-npmtest-image-size/image-size/lib/readUInt.js","s":{"1":1,"2":0,"3":0,"4":0,"5":0,"6":1},"b":{"1":[0,0],"2":[0,0]},"f":{"1":0},"fnMap":{"1":{"name":"readUInt","line":4,"loc":{"start":{"line":4,"column":0},"end":{"line":4,"column":54}}}},"statementMap":{"1":{"start":{"line":4,"column":0},"end":{"line":9,"column":1}},"2":{"start":{"line":5,"column":2},"end":{"line":5,"column":23}},"3":{"start":{"line":6,"column":2},"end":{"line":6,"column":43}},"4":{"start":{"line":7,"column":2},"end":{"line":7,"column":50}},"5":{"start":{"line":8,"column":2},"end":{"line":8,"column":37}},"6":{"start":{"line":11,"column":0},"end":{"line":11,"column":26}}},"branchMap":{"1":{"line":5,"type":"binary-expr","locations":[{"start":{"line":5,"column":11},"end":{"line":5,"column":17}},{"start":{"line":5,"column":21},"end":{"line":5,"column":22}}]},"2":{"line":6,"type":"cond-expr","locations":[{"start":{"line":6,"column":31},"end":{"line":6,"column":35}},{"start":{"line":6,"column":38},"end":{"line":6,"column":42}}]}},"code":["'use strict';","","// Abstract reading multi-byte unsigned integers","function readUInt (buffer, bits, offset, isBigEndian) {","  offset = offset || 0;","  var endian = !!isBigEndian ? 'BE' : 'LE';","  var method = buffer['readUInt' + bits + endian];","  return method.call(buffer, offset);","}","","module.exports = readUInt;",""],"l":{"4":1,"5":0,"6":0,"7":0,"8":0,"11":1}},"/home/travis/build/npmtest/node-npmtest-image-size/image-size/lib/types/webp.js":{"path":"/home/travis/build/npmtest/node-npmtest-image-size/image-size/lib/types/webp.js","s":{"1":1,"2":0,"3":0,"4":0,"5":0,"6":1,"7":0,"8":0,"9":0,"10":0,"11":0,"12":0,"13":0,"14":0,"15":0,"16":0,"17":0,"18":0,"19":0,"20":0,"21":0,"22":1,"23":0,"24":1,"25":0,"26":1,"27":0,"28":1},"b":{"1":[0,0,0],"2":[0,0],"3":[0,0],"4":[0,0],"5":[0,0],"6":[0,0],"7":[0,0],"8":[0,0]},"f":{"1":0,"2":0,"3":0,"4":0,"5":0},"fnMap":{"1":{"name":"isWebP","line":5,"loc":{"start":{"line":5,"column":0},"end":{"line":5,"column":25}}},"2":{"name":"calculate","line":12,"loc":{"start":{"line":12,"column":0},"end":{"line":12,"column":28}}},"3":{"name":"calculateExtended","line":42,"loc":{"start":{"line":42,"column":0},"end":{"line":42,"column":36}}},"4":{"name":"calculateLossless","line":49,"loc":{"start":{"line":49,"column":0},"end":{"line":49,"column":36}}},"5":{"name":"calculateLossy","line":57,"loc":{"start":{"line":57,"column":0},"end":{"line":57,"column":33}}}},"statementMap":{"1":{"start":{"line":5,"column":0},"end":{"line":10,"column":1}},"2":{"start":{"line":6,"column":2},"end":{"line":6,"column":61}},"3":{"start":{"line":7,"column":2},"end":{"line":7,"column":62}},"4":{"start":{"line":8,"column":2},"end":{"line":8,"column":63}},"5":{"start":{"line":9,"column":2},"end":{"line":9,"column":49}},"6":{"start":{"line":12,"column":0},"end":{"line":40,"column":1}},"7":{"start":{"line":13,"column":2},"end":{"line":13,"column":53}},"8":{"start":{"line":14,"column":2},"end":{"line":14,"column":32}},"9":{"start":{"line":17,"column":2},"end":{"line":26,"column":3}},"10":{"start":{"line":18,"column":4},"end":{"line":18,"column":35}},"11":{"start":{"line":19,"column":4},"end":{"line":19,"column":51}},"12":{"start":{"line":20,"column":4},"end":{"line":20,"column":49}},"13":{"start":{"line":21,"column":4},"end":{"line":25,"column":5}},"14":{"start":{"line":22,"column":6},"end":{"line":22,"column":39}},"15":{"start":{"line":24,"column":6},"end":{"line":24,"column":19}},"16":{"start":{"line":29,"column":2},"end":{"line":31,"column":3}},"17":{"start":{"line":30,"column":4},"end":{"line":30,"column":34}},"18":{"start":{"line":34,"column":2},"end":{"line":34,"column":47}},"19":{"start":{"line":35,"column":2},"end":{"line":37,"column":3}},"20":{"start":{"line":36,"column":4},"end":{"line":36,"column":37}},"21":{"start":{"line":39,"column":2},"end":{"line":39,"column":15}},"22":{"start":{"line":42,"column":0},"end":{"line":47,"column":1}},"23":{"start":{"line":43,"column":2},"end":{"line":46,"column":3}},"24":{"start":{"line":49,"column":0},"end":{"line":55,"column":1}},"25":{"start":{"line":50,"column":2},"end":{"line":54,"column":4}},"26":{"start":{"line":57,"column":0},"end":{"line":64,"column":1}},"27":{"start":{"line":60,"column":2},"end":{"line":63,"column":4}},"28":{"start":{"line":66,"column":0},"end":{"line":69,"column":2}}},"branchMap":{"1":{"line":9,"type":"binary-expr","locations":[{"start":{"line":9,"column":10},"end":{"line":9,"column":20}},{"start":{"line":9,"column":24},"end":{"line":9,"column":34}},{"start":{"line":9,"column":38},"end":{"line":9,"column":47}}]},"2":{"line":17,"type":"if","locations":[{"start":{"line":17,"column":2},"end":{"line":17,"column":2}},{"start":{"line":17,"column":2},"end":{"line":17,"column":2}}]},"3":{"line":21,"type":"if","locations":[{"start":{"line":21,"column":4},"end":{"line":21,"column":4}},{"start":{"line":21,"column":4},"end":{"line":21,"column":4}}]},"4":{"line":21,"type":"binary-expr","locations":[{"start":{"line":21,"column":8},"end":{"line":21,"column":18}},{"start":{"line":21,"column":22},"end":{"line":21,"column":30}}]},"5":{"line":29,"type":"if","locations":[{"start":{"line":29,"column":2},"end":{"line":29,"column":2}},{"start":{"line":29,"column":2},"end":{"line":29,"column":2}}]},"6":{"line":29,"type":"binary-expr","locations":[{"start":{"line":29,"column":6},"end":{"line":29,"column":28}},{"start":{"line":29,"column":32},"end":{"line":29,"column":50}}]},"7":{"line":35,"type":"if","locations":[{"start":{"line":35,"column":2},"end":{"line":35,"column":2}},{"start":{"line":35,"column":2},"end":{"line":35,"column":2}}]},"8":{"line":35,"type":"binary-expr","locations":[{"start":{"line":35,"column":6},"end":{"line":35,"column":28}},{"start":{"line":35,"column":32},"end":{"line":35,"column":54}}]}},"code":["'use strict';","","// based on https://developers.google.com/speed/webp/docs/riff_container","","function isWebP (buffer) {","  var riffHeader = 'RIFF' === buffer.toString('ascii', 0, 4);","  var webpHeader = 'WEBP' === buffer.toString('ascii', 8, 12);","  var vp8Header  = 'VP8'  === buffer.toString('ascii', 12, 15);","  return (riffHeader && webpHeader && vp8Header);","}","","function calculate (buffer) {","  var chunkHeader = buffer.toString('ascii', 12, 16);","  buffer = buffer.slice(20, 30);","","  // Extended webp stream signature","  if (chunkHeader === 'VP8X') {","    var extendedHeader = buffer[0];","    var validStart = (extendedHeader & 0xc0) === 0;","    var validEnd = (extendedHeader & 0x01) === 0;","    if (validStart && validEnd) {","      return calculateExtended(buffer);","    } else {","      return false;","    }","  }","","  // Lossless webp stream signature","  if (chunkHeader === 'VP8 ' && buffer[0] !== 0x2f) {","    return calculateLossy(buffer);","  }","","  // Lossy webp stream signature","  var signature = buffer.toString('hex', 3, 6);","  if (chunkHeader === 'VP8L' && signature !== '9d012a') {","    return calculateLossless(buffer);","  }","","  return false;","}","","function calculateExtended (buffer) {","  return {","    'width': 1 + buffer.readUIntLE(4, 3),","    'height': 1 + buffer.readUIntLE(7, 3)","  }","}","","function calculateLossless (buffer) {","  return {","    'width': 1 + (((buffer[2] & 0x3F) << 8) | buffer[1]),","    'height': 1 + (((buffer[4] & 0xF) << 10) | (buffer[3] << 2) |","                  ((buffer[2] & 0xC0) >> 6))","  };","}","","function calculateLossy (buffer) {","  // `& 0x3fff` returns the last 14 bits","  // TO-DO: include webp scaling in the calculations","  return {","    'width': buffer.readInt16LE(6) & 0x3fff,","    'height': buffer.readInt16LE(8) & 0x3fff","  };","}","","module.exports = {","  'detect': isWebP,","  'calculate': calculate","};",""],"l":{"5":1,"6":0,"7":0,"8":0,"9":0,"12":1,"13":0,"14":0,"17":0,"18":0,"19":0,"20":0,"21":0,"22":0,"24":0,"29":0,"30":0,"34":0,"35":0,"36":0,"39":0,"42":1,"43":0,"49":1,"50":0,"57":1,"60":0,"66":1}}}